Using pre-set license
Built from '2021.1/staging' branch; Version is '2021.1.19f1 (5f5eb8bbdc25) revision 6250168'; Using compiler version '192528614'; Build Type 'Release'
OS: 'Windows 10 Enterprise; OS build 19042.1110; Version 2009; 64bit' Language: 'en' Physical Memory: 16303 MB
BatchMode: 1, IsHumanControllingUs: 0, StartBugReporterOnCrash: 0, Is64bit: 1, IsPro: 0

COMMAND LINE ARGUMENTS:
C:\Program Files\Unity 2021.1.19f1\Editor\Unity.exe
-adb2
-batchMode
-noUpm
-name
AssetImportWorker0
-projectPath
C:/Users/jmercer4/Unity Projects/kingdom-unity
-logFile
Logs/AssetImportWorker0.log
-srvPort
63505
Successfully changed project path to: C:/Users/jmercer4/Unity Projects/kingdom-unity
C:/Users/jmercer4/Unity Projects/kingdom-unity
Using Asset Import Pipeline V2.
Refreshing native plugins compatible for Editor in 90.72 ms, found 4 plugins.
Preloading 0 native plugins for Editor in 0.00 ms.
Initialize engine version: 2021.1.19f1 (5f5eb8bbdc25)
[Subsystems] Discovering subsystems at path C:/Program Files/Unity 2021.1.19f1/Editor/Data/Resources/UnitySubsystems
[Subsystems] Discovering subsystems at path C:/Users/jmercer4/Unity Projects/kingdom-unity/Assets
GfxDevice: creating device client; threaded=0; jobified=0
Direct3D:
    Version:  Direct3D 11.0 [level 11.1]
    Renderer: NVIDIA GeForce RTX 2070 (ID=0x1f07)
    Vendor:   NVIDIA
    VRAM:     8031 MB
    Driver:   26.21.14.3200
Initialize mono
Mono path[0] = 'C:/Program Files/Unity 2021.1.19f1/Editor/Data/Managed'
Mono path[1] = 'C:/Program Files/Unity 2021.1.19f1/Editor/Data/MonoBleedingEdge/lib/mono/unityjit'
Mono config path = 'C:/Program Files/Unity 2021.1.19f1/Editor/Data/MonoBleedingEdge/etc'
Using monoOptions --debugger-agent=transport=dt_socket,embedding=1,server=y,suspend=n,address=127.0.0.1:56160
Begin MonoManager ReloadAssembly
Registering precompiled unity dll's ...
Register platform support module: C:/Program Files/Unity 2021.1.19f1/Editor/Data/PlaybackEngines/WebGLSupport/UnityEditor.WebGL.Extensions.dll
Register platform support module: C:/Program Files/Unity 2021.1.19f1/Editor/Data/PlaybackEngines/WindowsStandaloneSupport/UnityEditor.WindowsStandalone.Extensions.dll
Registered in 0.001761 seconds.
Native extension for WindowsStandalone target not found
Native extension for WebGL target not found
Refreshing native plugins compatible for Editor in 90.19 ms, found 4 plugins.
Preloading 0 native plugins for Editor in 0.00 ms.
Mono: successfully reloaded assembly
- Completed reload, in  1.034 seconds
Domain Reload Profiling:
	ReloadAssembly (1034ms)
		BeginReloadAssembly (53ms)
			ExecutionOrderSort (0ms)
			DisableScriptedObjects (0ms)
			BackupInstance (0ms)
			ReleaseScriptingObjects (0ms)
			CreateAndSetChildDomain (1ms)
		EndReloadAssembly (396ms)
			LoadAssemblies (51ms)
			RebuildTransferFunctionScriptingTraits (0ms)
			SetupTypeCache (133ms)
			ReleaseScriptCaches (0ms)
			RebuildScriptCaches (25ms)
			SetupLoadedEditorAssemblies (201ms)
				LogAssemblyErrors (0ms)
				InitializePlatformSupportModulesInManaged (6ms)
				SetLoadedEditorAssemblies (0ms)
				RefreshPlugins (90ms)
				BeforeProcessingInitializeOnLoad (1ms)
				ProcessInitializeOnLoadAttributes (80ms)
				ProcessInitializeOnLoadMethodAttributes (24ms)
				AfterProcessingInitializeOnLoad (0ms)
				EditorAssembliesLoaded (0ms)
			ExecutionOrderSort2 (0ms)
			AwakeInstancesAfterBackupRestoration (0ms)
Platform modules already initialized, skipping
Registering precompiled user dll's ...
Registered in 0.004395 seconds.
Begin MonoManager ReloadAssembly
Symbol file LoadedFromMemory doesn't match image C:\Users\jmercer4\Unity Projects\kingdom-unity\Library\PackageCache\com.unity.visualscripting@1.6.1\Editor\VisualScripting.Core\Dependencies\YamlDotNet\Unity.VisualScripting.YamlDotNet.dll
Symbol file LoadedFromMemory doesn't match image C:\Users\jmercer4\Unity Projects\kingdom-unity\Library\PackageCache\com.unity.visualscripting@1.6.1\Editor\VisualScripting.Core\Dependencies\DotNetZip\Unity.VisualScripting.IonicZip.dll
Native extension for WindowsStandalone target not found
Native extension for WebGL target not found
Refreshing native plugins compatible for Editor in 93.11 ms, found 4 plugins.
Preloading 0 native plugins for Editor in 0.00 ms.
Mono: successfully reloaded assembly
- Completed reload, in  1.077 seconds
Domain Reload Profiling:
	ReloadAssembly (1077ms)
		BeginReloadAssembly (135ms)
			ExecutionOrderSort (0ms)
			DisableScriptedObjects (4ms)
			BackupInstance (0ms)
			ReleaseScriptingObjects (0ms)
			CreateAndSetChildDomain (17ms)
		EndReloadAssembly (891ms)
			LoadAssemblies (94ms)
			RebuildTransferFunctionScriptingTraits (0ms)
			SetupTypeCache (306ms)
			ReleaseScriptCaches (1ms)
			RebuildScriptCaches (44ms)
			SetupLoadedEditorAssemblies (374ms)
				LogAssemblyErrors (0ms)
				InitializePlatformSupportModulesInManaged (4ms)
				SetLoadedEditorAssemblies (0ms)
				RefreshPlugins (93ms)
				BeforeProcessingInitializeOnLoad (70ms)
				ProcessInitializeOnLoadAttributes (187ms)
				ProcessInitializeOnLoadMethodAttributes (15ms)
				AfterProcessingInitializeOnLoad (5ms)
				EditorAssembliesLoaded (0ms)
			ExecutionOrderSort2 (0ms)
			AwakeInstancesAfterBackupRestoration (6ms)
Platform modules already initialized, skipping
========================================================================
Worker process is ready to serve import requests
Launched and connected shader compiler UnityShaderCompiler.exe after 0.06 seconds
Refreshing native plugins compatible for Editor in 0.78 ms, found 4 plugins.
Preloading 0 native plugins for Editor in 0.00 ms.
Unloading 3726 Unused Serialized files (Serialized files now loaded: 0)
System memory in use before: 140.4 MB.
System memory in use after: 140.6 MB.

Unloading 30 unused Assets to reduce memory usage. Loaded Objects now: 4180.
Total: 3.412100 ms (FindLiveObjects: 0.315000 ms CreateObjectMapping: 0.170200 ms MarkObjects: 2.862800 ms  DeleteObjects: 0.063300 ms)

AssetImportParameters requested are different than current active one (requested -> active):
  custom:framework-win-MediaFoundation: 216162199b28c13a410421893ffa2e32 -> 
  custom:video-decoder-ogg-theora: a1e56fd34408186e4bbccfd4996cb3dc -> 
  custom:container-muxer-webm: aa71ff27fc2769a1b78a27578f13a17b -> 
  custom:container-demuxer-webm: 4f35f7cbe854078d1ac9338744f61a02 -> 
  custom:container-demuxer-ogg: 62fdf1f143b41e24485cea50d1cbac27 -> 
  custom:video-encoder-webm-vp8: eb34c28f22e8b96e1ab97ce403110664 -> 
  custom:video-decoder-webm-vp8: 9c59270c3fd7afecdb556c50c9e8de78 -> 
  custom:audio-decoder-ogg-vorbis: bf7c407c2cedff20999df2af8eb42d56 -> 
  custom:audio-encoder-webm-vorbis: bf7c407c2cedff20999df2af8eb42d56 -> 
========================================================================
Received Import Request.
  path: Assets/Graphics/1fb4ff9025c0a011bca360108b8b2382_4.asset
  artifactKey: Guid(883dd6cc9db1b1946badda190fc549c2) Importer(815301076,1909f56bfc062723c751e8b465ee728b)
Start importing Assets/Graphics/1fb4ff9025c0a011bca360108b8b2382_4.asset using Guid(883dd6cc9db1b1946badda190fc549c2) Importer(815301076,1909f56bfc062723c751e8b465ee728b)  -> (artifact id: '8432b5482e1c9c04278e9841763001f5') in 0.083155 seconds 
========================================================================
Received Import Request.
  Time since last request: 0.000211 seconds.
  path: Assets/Graphics/slice01_01.asset
  artifactKey: Guid(4bb09ffbce074ce48a316f75616ada92) Importer(815301076,1909f56bfc062723c751e8b465ee728b)
Start importing Assets/Graphics/slice01_01.asset using Guid(4bb09ffbce074ce48a316f75616ada92) Importer(815301076,1909f56bfc062723c751e8b465ee728b)  -> (artifact id: 'cd20b80fff2245526f8ed3e47ee416a2') in 0.013293 seconds 
========================================================================
Received Import Request.
  Time since last request: 0.000268 seconds.
  path: Assets/Graphics/1fb4ff9025c0a011bca360108b8b2382_0.asset
  artifactKey: Guid(4224e98b48af7bd40bec5e36da683751) Importer(815301076,1909f56bfc062723c751e8b465ee728b)
Start importing Assets/Graphics/1fb4ff9025c0a011bca360108b8b2382_0.asset using Guid(4224e98b48af7bd40bec5e36da683751) Importer(815301076,1909f56bfc062723c751e8b465ee728b)  -> (artifact id: '1e93816bdc4d1079019b44231eb181cc') in 0.010642 seconds 
========================================================================
Received Import Request.
  Time since last request: 0.000209 seconds.
  path: Assets/Graphics/1fb4ff9025c0a011bca360108b8b2382_2.asset
  artifactKey: Guid(46f8a5dd1ecf7c841b47fb4043d073dd) Importer(815301076,1909f56bfc062723c751e8b465ee728b)
Start importing Assets/Graphics/1fb4ff9025c0a011bca360108b8b2382_2.asset using Guid(46f8a5dd1ecf7c841b47fb4043d073dd) Importer(815301076,1909f56bfc062723c751e8b465ee728b)  -> (artifact id: 'c18483a0f4406ba9abfefb8bfa07c641') in 0.012613 seconds 
========================================================================
Received Import Request.
  Time since last request: 0.000222 seconds.
  path: Assets/Graphics/1fb4ff9025c0a011bca360108b8b2382_5.asset
  artifactKey: Guid(2741351c9815d33409410baa6c667d25) Importer(815301076,1909f56bfc062723c751e8b465ee728b)
Start importing Assets/Graphics/1fb4ff9025c0a011bca360108b8b2382_5.asset using Guid(2741351c9815d33409410baa6c667d25) Importer(815301076,1909f56bfc062723c751e8b465ee728b)  -> (artifact id: 'f0aab8ad73cea692b54baed2011ff1a2') in 0.011501 seconds 
========================================================================
Received Import Request.
  Time since last request: 0.000260 seconds.
  path: Assets/Graphics/1fb4ff9025c0a011bca360108b8b2382_1.asset
  artifactKey: Guid(07d94a1b75ac7c442a14c2485d243477) Importer(815301076,1909f56bfc062723c751e8b465ee728b)
Start importing Assets/Graphics/1fb4ff9025c0a011bca360108b8b2382_1.asset using Guid(07d94a1b75ac7c442a14c2485d243477) Importer(815301076,1909f56bfc062723c751e8b465ee728b)  -> (artifact id: '7f4dcbcca0a330b9101f5dc0b213f142') in 0.012681 seconds 
========================================================================
Received Import Request.
  Time since last request: 0.000215 seconds.
  path: Assets/Graphics/1fb4ff9025c0a011bca360108b8b2382.jpg
  artifactKey: Guid(652712112a9dbe040af718e131c92c3e) Importer(815301076,1909f56bfc062723c751e8b465ee728b)
Start importing Assets/Graphics/1fb4ff9025c0a011bca360108b8b2382.jpg using Guid(652712112a9dbe040af718e131c92c3e) Importer(815301076,1909f56bfc062723c751e8b465ee728b)  -> (artifact id: 'cb903a16462e1f3e0fd47f858507d640') in 0.104725 seconds 
========================================================================
Received Import Request.
  Time since last request: 0.000202 seconds.
  path: Assets/Graphics/Idle.png
  artifactKey: Guid(f7b6ee033cbc9da4db7776eb5613ff83) Importer(815301076,1909f56bfc062723c751e8b465ee728b)
Start importing Assets/Graphics/Idle.png using Guid(f7b6ee033cbc9da4db7776eb5613ff83) Importer(815301076,1909f56bfc062723c751e8b465ee728b)  -> (artifact id: '4918bdc66cd8ac4a3a08d42212ee56b9') in 0.016000 seconds 
========================================================================
Received Import Request.
  Time since last request: 0.000284 seconds.
  path: Assets/Graphics/Fairy tale like backgrounds.prefab
  artifactKey: Guid(86d413fe9ab7f2f45bba21471ae2c847) Importer(815301076,1909f56bfc062723c751e8b465ee728b)
Start importing Assets/Graphics/Fairy tale like backgrounds.prefab using Guid(86d413fe9ab7f2f45bba21471ae2c847) Importer(815301076,1909f56bfc062723c751e8b465ee728b)  -> (artifact id: '7a1080e3fd4af79782d86c726073b19d') in 0.029879 seconds 
========================================================================
Received Import Request.
  Time since last request: 0.000217 seconds.
  path: Assets/Graphics/1fb4ff9025c0a011bca360108b8b2382_3.asset
  artifactKey: Guid(1a2bb3cd98785844583842b47e0df6ce) Importer(815301076,1909f56bfc062723c751e8b465ee728b)
Start importing Assets/Graphics/1fb4ff9025c0a011bca360108b8b2382_3.asset using Guid(1a2bb3cd98785844583842b47e0df6ce) Importer(815301076,1909f56bfc062723c751e8b465ee728b)  -> (artifact id: '73c539fbe6bfe48da5d05bd2d39395c9') in 0.009145 seconds 
========================================================================
Received Import Request.
  Time since last request: 5.250226 seconds.
  path: Assets/Scenes/Fighting.unity
  artifactKey: Guid(20d95587cba18d94791c41b7561ba697) Importer(815301076,1909f56bfc062723c751e8b465ee728b)
Start importing Assets/Scenes/Fighting.unity using Guid(20d95587cba18d94791c41b7561ba697) Importer(815301076,1909f56bfc062723c751e8b465ee728b)  -> (artifact id: '0de53404710bdc73fcbfe467aa472dee') in 0.008201 seconds 
========================================================================
Received Import Request.
  Time since last request: 1.066040 seconds.
  path: Assets/Scenes/Kingdombattle.unity
  artifactKey: Guid(2cda990e2423bbf4892e6590ba056729) Importer(815301076,1909f56bfc062723c751e8b465ee728b)
Start importing Assets/Scenes/Kingdombattle.unity using Guid(2cda990e2423bbf4892e6590ba056729) Importer(815301076,1909f56bfc062723c751e8b465ee728b)  -> (artifact id: '384f294d5afdd4a60c775faa42cdad8e') in 0.006490 seconds 
========================================================================
Received Import Request.
  Time since last request: 41.603439 seconds.
  path: Assets/Script graphs/CameraFollow.asset
  artifactKey: Guid(10e1866c0adba8f41aa01af2ec8dbff0) Importer(815301076,1909f56bfc062723c751e8b465ee728b)
Start importing Assets/Script graphs/CameraFollow.asset using Guid(10e1866c0adba8f41aa01af2ec8dbff0) Importer(815301076,1909f56bfc062723c751e8b465ee728b)  -> (artifact id: '6fd11038313d9a3f236cb1f73c95e067') in 0.152858 seconds 
========================================================================
Received Import Request.
  Time since last request: 0.000255 seconds.
  path: Assets/Script graphs/Movement.asset
  artifactKey: Guid(8edaaca7edf767249a9d7295ca8677ef) Importer(815301076,1909f56bfc062723c751e8b465ee728b)
Start importing Assets/Script graphs/Movement.asset using Guid(8edaaca7edf767249a9d7295ca8677ef) Importer(815301076,1909f56bfc062723c751e8b465ee728b)  -> (artifact id: 'fa19d80a661ffeee8de9ee273cfe7ecc') in 0.316621 seconds 
========================================================================
Received Prepare
Registering precompiled user dll's ...
Registered in 0.004342 seconds.
Begin MonoManager ReloadAssembly
Symbol file LoadedFromMemory doesn't match image C:\Users\jmercer4\Unity Projects\kingdom-unity\Library\PackageCache\com.unity.visualscripting@1.6.1\Editor\VisualScripting.Core\Dependencies\YamlDotNet\Unity.VisualScripting.YamlDotNet.dll
Symbol file LoadedFromMemory doesn't match image C:\Users\jmercer4\Unity Projects\kingdom-unity\Library\PackageCache\com.unity.visualscripting@1.6.1\Editor\VisualScripting.Core\Dependencies\DotNetZip\Unity.VisualScripting.IonicZip.dll
Native extension for WindowsStandalone target not found
Native extension for WebGL target not found
Refreshing native plugins compatible for Editor in 0.67 ms, found 4 plugins.
Preloading 0 native plugins for Editor in 0.00 ms.
Mono: successfully reloaded assembly
- Completed reload, in  0.880 seconds
Domain Reload Profiling:
	ReloadAssembly (880ms)
		BeginReloadAssembly (122ms)
			ExecutionOrderSort (0ms)
			DisableScriptedObjects (5ms)
			BackupInstance (0ms)
			ReleaseScriptingObjects (0ms)
			CreateAndSetChildDomain (45ms)
		EndReloadAssembly (712ms)
			LoadAssemblies (82ms)
			RebuildTransferFunctionScriptingTraits (0ms)
			SetupTypeCache (280ms)
			ReleaseScriptCaches (1ms)
			RebuildScriptCaches (34ms)
			SetupLoadedEditorAssemblies (233ms)
				LogAssemblyErrors (0ms)
				InitializePlatformSupportModulesInManaged (4ms)
				SetLoadedEditorAssemblies (0ms)
				RefreshPlugins (1ms)
				BeforeProcessingInitializeOnLoad (51ms)
				ProcessInitializeOnLoadAttributes (166ms)
				ProcessInitializeOnLoadMethodAttributes (6ms)
				AfterProcessingInitializeOnLoad (5ms)
				EditorAssembliesLoaded (0ms)
			ExecutionOrderSort2 (0ms)
			AwakeInstancesAfterBackupRestoration (11ms)
Platform modules already initialized, skipping
Refreshing native plugins compatible for Editor in 0.82 ms, found 4 plugins.
Preloading 0 native plugins for Editor in 0.00 ms.
Unloading 3705 Unused Serialized files (Serialized files now loaded: 0)
System memory in use before: 144.2 MB.
System memory in use after: 144.4 MB.

Unloading 18 unused Assets to reduce memory usage. Loaded Objects now: 4229.
Total: 2.995500 ms (FindLiveObjects: 0.228600 ms CreateObjectMapping: 0.127600 ms MarkObjects: 2.621600 ms  DeleteObjects: 0.016900 ms)

AssetImportParameters requested are different than current active one (requested -> active):
  custom:framework-win-MediaFoundation: 216162199b28c13a410421893ffa2e32 -> 
  custom:video-decoder-ogg-theora: a1e56fd34408186e4bbccfd4996cb3dc -> 
  custom:container-muxer-webm: aa71ff27fc2769a1b78a27578f13a17b -> 
  custom:container-demuxer-webm: 4f35f7cbe854078d1ac9338744f61a02 -> 
  custom:container-demuxer-ogg: 62fdf1f143b41e24485cea50d1cbac27 -> 
  custom:video-encoder-webm-vp8: eb34c28f22e8b96e1ab97ce403110664 -> 
  custom:video-decoder-webm-vp8: 9c59270c3fd7afecdb556c50c9e8de78 -> 
  custom:audio-decoder-ogg-vorbis: bf7c407c2cedff20999df2af8eb42d56 -> 
  custom:audio-encoder-webm-vorbis: bf7c407c2cedff20999df2af8eb42d56 -> 
AssetImportWorkerClient::OnTransportError - code=2 error=End of file
