Using pre-set license
Built from '2021.1/staging' branch; Version is '2021.1.19f1 (5f5eb8bbdc25) revision 6250168'; Using compiler version '192528614'; Build Type 'Release'
OS: 'Windows 10 Enterprise; OS build 19042.1110; Version 2009; 64bit' Language: 'en' Physical Memory: 16303 MB
BatchMode: 1, IsHumanControllingUs: 0, StartBugReporterOnCrash: 0, Is64bit: 1, IsPro: 0

COMMAND LINE ARGUMENTS:
C:\Program Files\Unity 2021.1.19f1\Editor\Unity.exe
-adb2
-batchMode
-noUpm
-name
AssetImportWorker0
-projectPath
C:/Users/jmercer4/Unity Projects/kingdom-unity
-logFile
Logs/AssetImportWorker0.log
-srvPort
53503
Successfully changed project path to: C:/Users/jmercer4/Unity Projects/kingdom-unity
C:/Users/jmercer4/Unity Projects/kingdom-unity
Using Asset Import Pipeline V2.
Refreshing native plugins compatible for Editor in 91.09 ms, found 4 plugins.
Preloading 0 native plugins for Editor in 0.00 ms.
Initialize engine version: 2021.1.19f1 (5f5eb8bbdc25)
[Subsystems] Discovering subsystems at path C:/Program Files/Unity 2021.1.19f1/Editor/Data/Resources/UnitySubsystems
[Subsystems] Discovering subsystems at path C:/Users/jmercer4/Unity Projects/kingdom-unity/Assets
GfxDevice: creating device client; threaded=0; jobified=0
Direct3D:
    Version:  Direct3D 11.0 [level 11.1]
    Renderer: NVIDIA GeForce RTX 2070 (ID=0x1f07)
    Vendor:   NVIDIA
    VRAM:     8031 MB
    Driver:   26.21.14.3200
Initialize mono
Mono path[0] = 'C:/Program Files/Unity 2021.1.19f1/Editor/Data/Managed'
Mono path[1] = 'C:/Program Files/Unity 2021.1.19f1/Editor/Data/MonoBleedingEdge/lib/mono/unityjit'
Mono config path = 'C:/Program Files/Unity 2021.1.19f1/Editor/Data/MonoBleedingEdge/etc'
Using monoOptions --debugger-agent=transport=dt_socket,embedding=1,server=y,suspend=n,address=127.0.0.1:56848
Begin MonoManager ReloadAssembly
Registering precompiled unity dll's ...
Register platform support module: C:/Program Files/Unity 2021.1.19f1/Editor/Data/PlaybackEngines/WebGLSupport/UnityEditor.WebGL.Extensions.dll
Register platform support module: C:/Program Files/Unity 2021.1.19f1/Editor/Data/PlaybackEngines/WindowsStandaloneSupport/UnityEditor.WindowsStandalone.Extensions.dll
Registered in 0.001846 seconds.
Native extension for WindowsStandalone target not found
Native extension for WebGL target not found
Refreshing native plugins compatible for Editor in 89.91 ms, found 4 plugins.
Preloading 0 native plugins for Editor in 0.00 ms.
Mono: successfully reloaded assembly
- Completed reload, in  1.044 seconds
Domain Reload Profiling:
	ReloadAssembly (1044ms)
		BeginReloadAssembly (53ms)
			ExecutionOrderSort (0ms)
			DisableScriptedObjects (0ms)
			BackupInstance (0ms)
			ReleaseScriptingObjects (0ms)
			CreateAndSetChildDomain (1ms)
		EndReloadAssembly (399ms)
			LoadAssemblies (52ms)
			RebuildTransferFunctionScriptingTraits (0ms)
			SetupTypeCache (135ms)
			ReleaseScriptCaches (0ms)
			RebuildScriptCaches (25ms)
			SetupLoadedEditorAssemblies (201ms)
				LogAssemblyErrors (0ms)
				InitializePlatformSupportModulesInManaged (6ms)
				SetLoadedEditorAssemblies (0ms)
				RefreshPlugins (90ms)
				BeforeProcessingInitializeOnLoad (1ms)
				ProcessInitializeOnLoadAttributes (80ms)
				ProcessInitializeOnLoadMethodAttributes (24ms)
				AfterProcessingInitializeOnLoad (0ms)
				EditorAssembliesLoaded (0ms)
			ExecutionOrderSort2 (0ms)
			AwakeInstancesAfterBackupRestoration (0ms)
Platform modules already initialized, skipping
Registering precompiled user dll's ...
Registered in 0.004792 seconds.
Begin MonoManager ReloadAssembly
Symbol file LoadedFromMemory doesn't match image C:\Users\jmercer4\Unity Projects\kingdom-unity\Library\PackageCache\com.unity.visualscripting@1.6.1\Editor\VisualScripting.Core\Dependencies\YamlDotNet\Unity.VisualScripting.YamlDotNet.dll
Symbol file LoadedFromMemory doesn't match image C:\Users\jmercer4\Unity Projects\kingdom-unity\Library\PackageCache\com.unity.visualscripting@1.6.1\Editor\VisualScripting.Core\Dependencies\DotNetZip\Unity.VisualScripting.IonicZip.dll
Native extension for WindowsStandalone target not found
Native extension for WebGL target not found
Refreshing native plugins compatible for Editor in 89.18 ms, found 4 plugins.
Preloading 0 native plugins for Editor in 0.00 ms.
Mono: successfully reloaded assembly
- Completed reload, in  1.045 seconds
Domain Reload Profiling:
	ReloadAssembly (1045ms)
		BeginReloadAssembly (129ms)
			ExecutionOrderSort (0ms)
			DisableScriptedObjects (4ms)
			BackupInstance (0ms)
			ReleaseScriptingObjects (0ms)
			CreateAndSetChildDomain (18ms)
		EndReloadAssembly (869ms)
			LoadAssemblies (84ms)
			RebuildTransferFunctionScriptingTraits (0ms)
			SetupTypeCache (292ms)
			ReleaseScriptCaches (1ms)
			RebuildScriptCaches (44ms)
			SetupLoadedEditorAssemblies (372ms)
				LogAssemblyErrors (0ms)
				InitializePlatformSupportModulesInManaged (4ms)
				SetLoadedEditorAssemblies (0ms)
				RefreshPlugins (89ms)
				BeforeProcessingInitializeOnLoad (71ms)
				ProcessInitializeOnLoadAttributes (189ms)
				ProcessInitializeOnLoadMethodAttributes (14ms)
				AfterProcessingInitializeOnLoad (5ms)
				EditorAssembliesLoaded (0ms)
			ExecutionOrderSort2 (0ms)
			AwakeInstancesAfterBackupRestoration (6ms)
Platform modules already initialized, skipping
========================================================================
Worker process is ready to serve import requests
Launched and connected shader compiler UnityShaderCompiler.exe after 0.06 seconds
Refreshing native plugins compatible for Editor in 0.77 ms, found 4 plugins.
Preloading 0 native plugins for Editor in 0.00 ms.
Unloading 3724 Unused Serialized files (Serialized files now loaded: 0)
System memory in use before: 140.3 MB.
System memory in use after: 140.5 MB.

Unloading 30 unused Assets to reduce memory usage. Loaded Objects now: 4178.
Total: 3.088800 ms (FindLiveObjects: 0.234900 ms CreateObjectMapping: 0.132600 ms MarkObjects: 2.667200 ms  DeleteObjects: 0.053100 ms)

AssetImportParameters requested are different than current active one (requested -> active):
  custom:framework-win-MediaFoundation: 216162199b28c13a410421893ffa2e32 -> 
  custom:video-decoder-ogg-theora: a1e56fd34408186e4bbccfd4996cb3dc -> 
  custom:container-muxer-webm: aa71ff27fc2769a1b78a27578f13a17b -> 
  custom:container-demuxer-webm: 4f35f7cbe854078d1ac9338744f61a02 -> 
  custom:container-demuxer-ogg: 62fdf1f143b41e24485cea50d1cbac27 -> 
  custom:video-encoder-webm-vp8: eb34c28f22e8b96e1ab97ce403110664 -> 
  custom:video-decoder-webm-vp8: 9c59270c3fd7afecdb556c50c9e8de78 -> 
  custom:audio-decoder-ogg-vorbis: bf7c407c2cedff20999df2af8eb42d56 -> 
  custom:audio-encoder-webm-vorbis: bf7c407c2cedff20999df2af8eb42d56 -> 
========================================================================
Received Import Request.
  path: Assets/Scenes/Fighting.unity
  artifactKey: Guid(20d95587cba18d94791c41b7561ba697) Importer(815301076,1909f56bfc062723c751e8b465ee728b)
Start importing Assets/Scenes/Fighting.unity using Guid(20d95587cba18d94791c41b7561ba697) Importer(815301076,1909f56bfc062723c751e8b465ee728b)  -> (artifact id: '04351f8d65ea67a355cd2a2b6efca644') in 0.017608 seconds 
========================================================================
Received Import Request.
  Time since last request: 11.896088 seconds.
  path: Assets/Graphics/Final Taiga Forest/Final Taiga Forest/Back_0.asset
  artifactKey: Guid(ff77e04aad77bfd4fba924513cf325a0) Importer(815301076,1909f56bfc062723c751e8b465ee728b)
Start importing Assets/Graphics/Final Taiga Forest/Final Taiga Forest/Back_0.asset using Guid(ff77e04aad77bfd4fba924513cf325a0) Importer(815301076,1909f56bfc062723c751e8b465ee728b)  -> (artifact id: '523de67627af79556728ae2496f0069c') in 0.082057 seconds 
========================================================================
Received Import Request.
  Time since last request: 0.000547 seconds.
  path: Assets/Graphics/Final Taiga Forest/Final Taiga Forest/Background.prefab
  artifactKey: Guid(d66838cb9a7571c4cacc1320c066fff8) Importer(815301076,1909f56bfc062723c751e8b465ee728b)
Start importing Assets/Graphics/Final Taiga Forest/Final Taiga Forest/Background.prefab using Guid(d66838cb9a7571c4cacc1320c066fff8) Importer(815301076,1909f56bfc062723c751e8b465ee728b)  -> (artifact id: 'a8007b012249405edd5b28a20171884e') in 0.037899 seconds 
========================================================================
Received Import Request.
  Time since last request: 0.000237 seconds.
  path: Assets/Graphics/Final Taiga Forest/Final Taiga Forest/Background_3.png
  artifactKey: Guid(4aae3f954265a4b49a6aa66ea90d4b76) Importer(815301076,1909f56bfc062723c751e8b465ee728b)
Start importing Assets/Graphics/Final Taiga Forest/Final Taiga Forest/Background_3.png using Guid(4aae3f954265a4b49a6aa66ea90d4b76) Importer(815301076,1909f56bfc062723c751e8b465ee728b)  -> (artifact id: 'c304c6280bcc15b15a928294e290109a') in 0.086329 seconds 
========================================================================
Received Import Request.
  Time since last request: 0.000234 seconds.
  path: Assets/Graphics/Final Taiga Forest/Final Taiga Forest/baner.png
  artifactKey: Guid(20b406e2964902049adb30a1febcd70a) Importer(815301076,1909f56bfc062723c751e8b465ee728b)
Start importing Assets/Graphics/Final Taiga Forest/Final Taiga Forest/baner.png using Guid(20b406e2964902049adb30a1febcd70a) Importer(815301076,1909f56bfc062723c751e8b465ee728b)  -> (artifact id: '8aa534d39228b06bfad9a2263ba38a37') in 0.013977 seconds 
========================================================================
Received Import Request.
  Time since last request: 0.000215 seconds.
  path: Assets/Graphics/Final Taiga Forest/Final Taiga Forest/Back_0.png
  artifactKey: Guid(2bc5074a3e33f1c4999448ca2e0df986) Importer(815301076,1909f56bfc062723c751e8b465ee728b)
Start importing Assets/Graphics/Final Taiga Forest/Final Taiga Forest/Back_0.png using Guid(2bc5074a3e33f1c4999448ca2e0df986) Importer(815301076,1909f56bfc062723c751e8b465ee728b)  -> (artifact id: '7ccacc1e2973c7beda085269222d8ff6') in 0.024678 seconds 
========================================================================
Received Import Request.
  Time since last request: 0.000202 seconds.
  path: Assets/Graphics/Final Taiga Forest/Final Taiga Forest/background_2.png
  artifactKey: Guid(95fc6ef4d6fdfdb44999bfc0a5328d98) Importer(815301076,1909f56bfc062723c751e8b465ee728b)
Start importing Assets/Graphics/Final Taiga Forest/Final Taiga Forest/background_2.png using Guid(95fc6ef4d6fdfdb44999bfc0a5328d98) Importer(815301076,1909f56bfc062723c751e8b465ee728b)  -> (artifact id: '01b35307f3a79433e23a5b1c911a7d9d') in 0.010054 seconds 
========================================================================
Received Import Request.
  Time since last request: 0.000139 seconds.
  path: Assets/Graphics/Final Taiga Forest/Final Taiga Forest/Tiles.png
  artifactKey: Guid(ad7cf158451b03e4097b4ee0eee0bf20) Importer(815301076,1909f56bfc062723c751e8b465ee728b)
Start importing Assets/Graphics/Final Taiga Forest/Final Taiga Forest/Tiles.png using Guid(ad7cf158451b03e4097b4ee0eee0bf20) Importer(815301076,1909f56bfc062723c751e8b465ee728b)  -> (artifact id: '6df7356e498e0797f47c11db0a455a52') in 0.013883 seconds 
========================================================================
Received Import Request.
  Time since last request: 0.000203 seconds.
  path: Assets/Graphics/Final Taiga Forest/Final Taiga Forest/Back_1.png
  artifactKey: Guid(a0ac728223017ad4f9f1ca8d61c66760) Importer(815301076,1909f56bfc062723c751e8b465ee728b)
Start importing Assets/Graphics/Final Taiga Forest/Final Taiga Forest/Back_1.png using Guid(a0ac728223017ad4f9f1ca8d61c66760) Importer(815301076,1909f56bfc062723c751e8b465ee728b)  -> (artifact id: '3490cbbf305ca93080fbdf8ba474dda1') in 0.011740 seconds 
========================================================================
Received Import Request.
  Time since last request: 0.000178 seconds.
  path: Assets/Graphics/Final Taiga Forest/Final Taiga Forest/Back_1_2.png
  artifactKey: Guid(95d3b1a49dd4d7d4eae325e4ae68414e) Importer(815301076,1909f56bfc062723c751e8b465ee728b)
Start importing Assets/Graphics/Final Taiga Forest/Final Taiga Forest/Back_1_2.png using Guid(95d3b1a49dd4d7d4eae325e4ae68414e) Importer(815301076,1909f56bfc062723c751e8b465ee728b)  -> (artifact id: '831e5e886fe4d1dbe3ebc45c2a59da7b') in 0.014649 seconds 
========================================================================
Received Import Request.
  Time since last request: 0.000155 seconds.
  path: Assets/Graphics/Final Taiga Forest/Final Taiga Forest/tree.png
  artifactKey: Guid(3bad159f04cb99247ac76386f738176a) Importer(815301076,1909f56bfc062723c751e8b465ee728b)
Start importing Assets/Graphics/Final Taiga Forest/Final Taiga Forest/tree.png using Guid(3bad159f04cb99247ac76386f738176a) Importer(815301076,1909f56bfc062723c751e8b465ee728b)  -> (artifact id: 'e1f4584503540d8811d8b16d819ffe12') in 0.012168 seconds 
========================================================================
Received Import Request.
  Time since last request: 0.000118 seconds.
  path: Assets/Graphics/Final Taiga Forest/Final Taiga Forest/Background_0.png
  artifactKey: Guid(b7d360e237cbe734098e0ae46dbe1225) Importer(815301076,1909f56bfc062723c751e8b465ee728b)
Start importing Assets/Graphics/Final Taiga Forest/Final Taiga Forest/Background_0.png using Guid(b7d360e237cbe734098e0ae46dbe1225) Importer(815301076,1909f56bfc062723c751e8b465ee728b)  -> (artifact id: 'dc4222cffd4c12ad8fe8353c98f1bede') in 0.013293 seconds 
========================================================================
Received Import Request.
  Time since last request: 0.000145 seconds.
  path: Assets/Graphics/Final Taiga Forest/Final Taiga Forest/Background_1.png
  artifactKey: Guid(d33b4bcb80ed6d949a57809064f303e7) Importer(815301076,1909f56bfc062723c751e8b465ee728b)
Start importing Assets/Graphics/Final Taiga Forest/Final Taiga Forest/Background_1.png using Guid(d33b4bcb80ed6d949a57809064f303e7) Importer(815301076,1909f56bfc062723c751e8b465ee728b)  -> (artifact id: '8b6fd1cc7f197e666c6cea15e0dd0d0f') in 0.010518 seconds 
========================================================================
Received Import Request.
  Time since last request: 189.275761 seconds.
  path: Assets/Graphics/platformer-extendedtiles-0/preview.png
  artifactKey: Guid(8d6acf9be8d09ed428c3cd84fcc79cfa) Importer(815301076,1909f56bfc062723c751e8b465ee728b)
Start importing Assets/Graphics/platformer-extendedtiles-0/preview.png using Guid(8d6acf9be8d09ed428c3cd84fcc79cfa) Importer(815301076,1909f56bfc062723c751e8b465ee728b)  -> (artifact id: 'ab6d6f1030f5afdeed9ce4d072b98bf5') in 0.010774 seconds 
========================================================================
Received Import Request.
  Time since last request: 0.000223 seconds.
  path: Assets/Graphics/platformer-extendedtiles-0/sample.png
  artifactKey: Guid(931ec8e547b60834387f67df7350afee) Importer(815301076,1909f56bfc062723c751e8b465ee728b)
Start importing Assets/Graphics/platformer-extendedtiles-0/sample.png using Guid(931ec8e547b60834387f67df7350afee) Importer(815301076,1909f56bfc062723c751e8b465ee728b)  -> (artifact id: '55f8b13ef860a70ba4356924892706f6') in 0.017022 seconds 
========================================================================
Received Import Request.
  Time since last request: 5.183133 seconds.
  path: Assets/Graphics/PNGExports/PNGExports/2WayShootGun1.png
  artifactKey: Guid(3b56977d1ea0b0f40adc5efea5965cbb) Importer(815301076,1909f56bfc062723c751e8b465ee728b)
Start importing Assets/Graphics/PNGExports/PNGExports/2WayShootGun1.png using Guid(3b56977d1ea0b0f40adc5efea5965cbb) Importer(815301076,1909f56bfc062723c751e8b465ee728b)  -> (artifact id: 'ba89e8897a10eb6c9f9c6a68ea95d155') in 0.011719 seconds 
========================================================================
Received Import Request.
  Time since last request: 0.000200 seconds.
  path: Assets/Graphics/PNGExports/PNGExports/AirCombo3.png
  artifactKey: Guid(6236b35657deba64fa92bb1fb4aa336d) Importer(815301076,1909f56bfc062723c751e8b465ee728b)
Start importing Assets/Graphics/PNGExports/PNGExports/AirCombo3.png using Guid(6236b35657deba64fa92bb1fb4aa336d) Importer(815301076,1909f56bfc062723c751e8b465ee728b)  -> (artifact id: 'b522b07086e78b2941fd1f5082e095b5') in 0.011759 seconds 
========================================================================
Received Import Request.
  Time since last request: 0.000225 seconds.
  path: Assets/Graphics/PNGExports/PNGExports/GroundCombo3.png
  artifactKey: Guid(3240a39f6fd0a514cb224e83b53dc8d7) Importer(815301076,1909f56bfc062723c751e8b465ee728b)
Start importing Assets/Graphics/PNGExports/PNGExports/GroundCombo3.png using Guid(3240a39f6fd0a514cb224e83b53dc8d7) Importer(815301076,1909f56bfc062723c751e8b465ee728b)  -> (artifact id: '5ea9473a9e40ab0ef84df369fe5b18ed') in 0.013045 seconds 
========================================================================
Received Import Request.
  Time since last request: 0.000288 seconds.
  path: Assets/Graphics/PNGExports/PNGExports/TakeHit.png
  artifactKey: Guid(2a3d03e228a35fd4187ca67165957236) Importer(815301076,1909f56bfc062723c751e8b465ee728b)
Start importing Assets/Graphics/PNGExports/PNGExports/TakeHit.png using Guid(2a3d03e228a35fd4187ca67165957236) Importer(815301076,1909f56bfc062723c751e8b465ee728b)  -> (artifact id: 'b90d542a2009e2fcae35a811813b146b') in 0.010618 seconds 
========================================================================
Received Import Request.
  Time since last request: 0.000219 seconds.
  path: Assets/Graphics/PNGExports/PNGExports/JumpAndFall.png
  artifactKey: Guid(4f4925b796f88bb448dd406c0d57379f) Importer(815301076,1909f56bfc062723c751e8b465ee728b)
Start importing Assets/Graphics/PNGExports/PNGExports/JumpAndFall.png using Guid(4f4925b796f88bb448dd406c0d57379f) Importer(815301076,1909f56bfc062723c751e8b465ee728b)  -> (artifact id: '333c6729b8a3a0bae8b57b13a3968a4e') in 0.012314 seconds 
========================================================================
Received Import Request.
  Time since last request: 0.000301 seconds.
  path: Assets/Graphics/PNGExports/PNGExports/LungingStab.png
  artifactKey: Guid(a775440432b90e440b2ca38d8c5e22ca) Importer(815301076,1909f56bfc062723c751e8b465ee728b)
Start importing Assets/Graphics/PNGExports/PNGExports/LungingStab.png using Guid(a775440432b90e440b2ca38d8c5e22ca) Importer(815301076,1909f56bfc062723c751e8b465ee728b)  -> (artifact id: '2e573c6f5de09faa4d601eb1ddbe9d6a') in 0.011445 seconds 
========================================================================
Received Import Request.
  Time since last request: 0.000214 seconds.
  path: Assets/Graphics/PNGExports/PNGExports/ShootGun1.png
  artifactKey: Guid(97ed3f31b5a5ee841b9f756d92d31211) Importer(815301076,1909f56bfc062723c751e8b465ee728b)
Start importing Assets/Graphics/PNGExports/PNGExports/ShootGun1.png using Guid(97ed3f31b5a5ee841b9f756d92d31211) Importer(815301076,1909f56bfc062723c751e8b465ee728b)  -> (artifact id: '3708faa7f65df3f4a38f79c1dd507a52') in 0.011005 seconds 
========================================================================
Received Import Request.
  Time since last request: 0.000179 seconds.
  path: Assets/Graphics/PNGExports/PNGExports/2WayShootGun2.png
  artifactKey: Guid(035dc89f6d37b724587d0403a8d65454) Importer(815301076,1909f56bfc062723c751e8b465ee728b)
Start importing Assets/Graphics/PNGExports/PNGExports/2WayShootGun2.png using Guid(035dc89f6d37b724587d0403a8d65454) Importer(815301076,1909f56bfc062723c751e8b465ee728b)  -> (artifact id: '669be11f353ff200cb6c3c91ba351c5e') in 0.010778 seconds 
========================================================================
Received Import Request.
  Time since last request: 0.000181 seconds.
  path: Assets/Graphics/PNGExports/PNGExports/Dash.png
  artifactKey: Guid(309960a3b45b5104faad91526978a5d4) Importer(815301076,1909f56bfc062723c751e8b465ee728b)
Start importing Assets/Graphics/PNGExports/PNGExports/Dash.png using Guid(309960a3b45b5104faad91526978a5d4) Importer(815301076,1909f56bfc062723c751e8b465ee728b)  -> (artifact id: '50ccbac92d116bc30fa306a47041b5e9') in 0.010121 seconds 
========================================================================
Received Import Request.
  Time since last request: 0.000213 seconds.
  path: Assets/Graphics/PNGExports/PNGExports/Run.png
  artifactKey: Guid(2cf3f990ee9f0714588e933e7713ac6f) Importer(815301076,1909f56bfc062723c751e8b465ee728b)
Start importing Assets/Graphics/PNGExports/PNGExports/Run.png using Guid(2cf3f990ee9f0714588e933e7713ac6f) Importer(815301076,1909f56bfc062723c751e8b465ee728b)  -> (artifact id: 'd31a25aee7c32ab280abceca835407f4') in 0.009939 seconds 
========================================================================
Received Import Request.
  Time since last request: 0.000216 seconds.
  path: Assets/Graphics/PNGExports/PNGExports/ShootGun2.png
  artifactKey: Guid(20fc886d7906dc94aa32c5954dab62c0) Importer(815301076,1909f56bfc062723c751e8b465ee728b)
Start importing Assets/Graphics/PNGExports/PNGExports/ShootGun2.png using Guid(20fc886d7906dc94aa32c5954dab62c0) Importer(815301076,1909f56bfc062723c751e8b465ee728b)  -> (artifact id: '57bb0ba41057da0db9546672594f9d53') in 0.012159 seconds 
========================================================================
Received Import Request.
  Time since last request: 0.000228 seconds.
  path: Assets/Graphics/PNGExports/PNGExports/Die.png
  artifactKey: Guid(a066ba4d867c13b45b2a53a8ed3f3ab1) Importer(815301076,1909f56bfc062723c751e8b465ee728b)
Start importing Assets/Graphics/PNGExports/PNGExports/Die.png using Guid(a066ba4d867c13b45b2a53a8ed3f3ab1) Importer(815301076,1909f56bfc062723c751e8b465ee728b)  -> (artifact id: 'a255ef8bed06488f8e5ff121c582e1a6') in 0.012820 seconds 
========================================================================
Received Import Request.
  Time since last request: 0.000171 seconds.
  path: Assets/Graphics/PNGExports/PNGExports/AirCombo2.png
  artifactKey: Guid(7b75da2f53c08384681a7ae2f20c6922) Importer(815301076,1909f56bfc062723c751e8b465ee728b)
Start importing Assets/Graphics/PNGExports/PNGExports/AirCombo2.png using Guid(7b75da2f53c08384681a7ae2f20c6922) Importer(815301076,1909f56bfc062723c751e8b465ee728b)  -> (artifact id: 'ac8732acb935de617162ac84ceafd07d') in 0.009983 seconds 
========================================================================
Received Import Request.
  Time since last request: 0.000342 seconds.
  path: Assets/Graphics/PNGExports/PNGExports/GroundCombo2.png
  artifactKey: Guid(5b1cd6b26483c2d4780ed179c5f9b0cf) Importer(815301076,1909f56bfc062723c751e8b465ee728b)
Start importing Assets/Graphics/PNGExports/PNGExports/GroundCombo2.png using Guid(5b1cd6b26483c2d4780ed179c5f9b0cf) Importer(815301076,1909f56bfc062723c751e8b465ee728b)  -> (artifact id: '52888ca87aea0581965c84c63226c24e') in 0.009855 seconds 
========================================================================
Received Import Request.
  Time since last request: 0.000207 seconds.
  path: Assets/Graphics/PNGExports/PNGExports/AirShootGun2.png
  artifactKey: Guid(29f355051e973b249b5babc4ac6d9696) Importer(815301076,1909f56bfc062723c751e8b465ee728b)
Start importing Assets/Graphics/PNGExports/PNGExports/AirShootGun2.png using Guid(29f355051e973b249b5babc4ac6d9696) Importer(815301076,1909f56bfc062723c751e8b465ee728b)  -> (artifact id: '591280bb1109e64506410e02d876c2b8') in 0.013108 seconds 
========================================================================
Received Import Request.
  Time since last request: 0.000196 seconds.
  path: Assets/Graphics/PNGExports/PNGExports/Idle.png
  artifactKey: Guid(f7b6ee033cbc9da4db7776eb5613ff83) Importer(815301076,1909f56bfc062723c751e8b465ee728b)
Start importing Assets/Graphics/PNGExports/PNGExports/Idle.png using Guid(f7b6ee033cbc9da4db7776eb5613ff83) Importer(815301076,1909f56bfc062723c751e8b465ee728b)  -> (artifact id: 'e7b31810f2d9fdc3d6a4adc51ed1a756') in 0.009971 seconds 
========================================================================
Received Import Request.
  Time since last request: 0.000229 seconds.
  path: Assets/Graphics/PNGExports/PNGExports/AirCombo1.png
  artifactKey: Guid(fbfe46e91cf1bd145825c7cbe889d277) Importer(815301076,1909f56bfc062723c751e8b465ee728b)
Start importing Assets/Graphics/PNGExports/PNGExports/AirCombo1.png using Guid(fbfe46e91cf1bd145825c7cbe889d277) Importer(815301076,1909f56bfc062723c751e8b465ee728b)  -> (artifact id: 'c961f47d65555101cfdc1d47c4f3c89a') in 0.009623 seconds 
========================================================================
Received Import Request.
  Time since last request: 0.000200 seconds.
  path: Assets/Graphics/PNGExports/PNGExports/AirShootGun1.png
  artifactKey: Guid(0dc3f5adcbd67f04d8b3a6669e6f4dfc) Importer(815301076,1909f56bfc062723c751e8b465ee728b)
Start importing Assets/Graphics/PNGExports/PNGExports/AirShootGun1.png using Guid(0dc3f5adcbd67f04d8b3a6669e6f4dfc) Importer(815301076,1909f56bfc062723c751e8b465ee728b)  -> (artifact id: 'eacefc5ce6ffbfcc0927f8ba386b80ed') in 0.015334 seconds 
========================================================================
Received Import Request.
  Time since last request: 0.000200 seconds.
  path: Assets/Graphics/PNGExports/PNGExports/GroundCombo1.png
  artifactKey: Guid(0aa42a317b8a555489c243fe6815de93) Importer(815301076,1909f56bfc062723c751e8b465ee728b)
Start importing Assets/Graphics/PNGExports/PNGExports/GroundCombo1.png using Guid(0aa42a317b8a555489c243fe6815de93) Importer(815301076,1909f56bfc062723c751e8b465ee728b)  -> (artifact id: '35f6e61731ba0639bac92bc26b17e855') in 0.011127 seconds 
========================================================================
Received Prepare
Registering precompiled user dll's ...
Registered in 0.004245 seconds.
Begin MonoManager ReloadAssembly
Symbol file LoadedFromMemory doesn't match image C:\Users\jmercer4\Unity Projects\kingdom-unity\Library\PackageCache\com.unity.visualscripting@1.6.1\Editor\VisualScripting.Core\Dependencies\YamlDotNet\Unity.VisualScripting.YamlDotNet.dll
Symbol file LoadedFromMemory doesn't match image C:\Users\jmercer4\Unity Projects\kingdom-unity\Library\PackageCache\com.unity.visualscripting@1.6.1\Editor\VisualScripting.Core\Dependencies\DotNetZip\Unity.VisualScripting.IonicZip.dll
Native extension for WindowsStandalone target not found
Native extension for WebGL target not found
Refreshing native plugins compatible for Editor in 0.77 ms, found 4 plugins.
Preloading 0 native plugins for Editor in 0.00 ms.
Mono: successfully reloaded assembly
- Completed reload, in  1.014 seconds
Domain Reload Profiling:
	ReloadAssembly (1014ms)
		BeginReloadAssembly (119ms)
			ExecutionOrderSort (0ms)
			DisableScriptedObjects (5ms)
			BackupInstance (0ms)
			ReleaseScriptingObjects (0ms)
			CreateAndSetChildDomain (35ms)
		EndReloadAssembly (847ms)
			LoadAssemblies (84ms)
			RebuildTransferFunctionScriptingTraits (0ms)
			SetupTypeCache (324ms)
			ReleaseScriptCaches (1ms)
			RebuildScriptCaches (40ms)
			SetupLoadedEditorAssemblies (282ms)
				LogAssemblyErrors (0ms)
				InitializePlatformSupportModulesInManaged (5ms)
				SetLoadedEditorAssemblies (0ms)
				RefreshPlugins (1ms)
				BeforeProcessingInitializeOnLoad (58ms)
				ProcessInitializeOnLoadAttributes (204ms)
				ProcessInitializeOnLoadMethodAttributes (8ms)
				AfterProcessingInitializeOnLoad (5ms)
				EditorAssembliesLoaded (0ms)
			ExecutionOrderSort2 (0ms)
			AwakeInstancesAfterBackupRestoration (19ms)
Platform modules already initialized, skipping
Refreshing native plugins compatible for Editor in 1.04 ms, found 4 plugins.
Preloading 0 native plugins for Editor in 0.00 ms.
Unloading 3732 Unused Serialized files (Serialized files now loaded: 0)
System memory in use before: 158.1 MB.
System memory in use after: 158.4 MB.

Unloading 18 unused Assets to reduce memory usage. Loaded Objects now: 4664.
Total: 3.522700 ms (FindLiveObjects: 0.328900 ms CreateObjectMapping: 0.211100 ms MarkObjects: 2.958300 ms  DeleteObjects: 0.023600 ms)

AssetImportParameters requested are different than current active one (requested -> active):
  custom:framework-win-MediaFoundation: 216162199b28c13a410421893ffa2e32 -> 
  custom:video-decoder-ogg-theora: a1e56fd34408186e4bbccfd4996cb3dc -> 
  custom:container-muxer-webm: aa71ff27fc2769a1b78a27578f13a17b -> 
  custom:container-demuxer-webm: 4f35f7cbe854078d1ac9338744f61a02 -> 
  custom:container-demuxer-ogg: 62fdf1f143b41e24485cea50d1cbac27 -> 
  custom:video-encoder-webm-vp8: eb34c28f22e8b96e1ab97ce403110664 -> 
  custom:video-decoder-webm-vp8: 9c59270c3fd7afecdb556c50c9e8de78 -> 
  custom:audio-decoder-ogg-vorbis: bf7c407c2cedff20999df2af8eb42d56 -> 
  custom:audio-encoder-webm-vorbis: bf7c407c2cedff20999df2af8eb42d56 -> 
========================================================================
Received Import Request.
  Time since last request: 560.017171 seconds.
  path: Assets/Graphics/Final Taiga Forest/Final Taiga Forest
  artifactKey: Guid(2b1a9bfccbeb6a944b06d52614d145cc) Importer(815301076,1909f56bfc062723c751e8b465ee728b)
Start importing Assets/Graphics/Final Taiga Forest/Final Taiga Forest using Guid(2b1a9bfccbeb6a944b06d52614d145cc) Importer(815301076,1909f56bfc062723c751e8b465ee728b)  -> (artifact id: 'b7bca10ef4c39cc54591bfa0e332dea1') in 0.012991 seconds 
========================================================================
Received Import Request.
  Time since last request: 2.355160 seconds.
  path: Assets/Graphics/platformer-extendedtiles-0/PNG Castle
  artifactKey: Guid(3fbfbbdaf6e94db4aa18a4f2b49273fc) Importer(815301076,1909f56bfc062723c751e8b465ee728b)
Start importing Assets/Graphics/platformer-extendedtiles-0/PNG Castle using Guid(3fbfbbdaf6e94db4aa18a4f2b49273fc) Importer(815301076,1909f56bfc062723c751e8b465ee728b)  -> (artifact id: 'dd67f65b3e028f50c4f4aa2e1c774ecd') in 0.007573 seconds 
========================================================================
Received Import Request.
  Time since last request: 0.047279 seconds.
  path: Assets/Graphics/platformer-extendedtiles-0/PNG Castle/castleHalf.png
  artifactKey: Guid(6235887a671b18b45877d80b1465f899) Importer(815301076,1909f56bfc062723c751e8b465ee728b)
Start importing Assets/Graphics/platformer-extendedtiles-0/PNG Castle/castleHalf.png using Guid(6235887a671b18b45877d80b1465f899) Importer(815301076,1909f56bfc062723c751e8b465ee728b)  -> (artifact id: '945eaedc20a8b39f0ba914987a1d92a6') in 0.035845 seconds 
========================================================================
Received Import Request.
  Time since last request: 0.000281 seconds.
  path: Assets/Graphics/platformer-extendedtiles-0/PNG Castle/slice15_15.png
  artifactKey: Guid(95881d5a55ad74940a38fcd188158e28) Importer(815301076,1909f56bfc062723c751e8b465ee728b)
Start importing Assets/Graphics/platformer-extendedtiles-0/PNG Castle/slice15_15.png using Guid(95881d5a55ad74940a38fcd188158e28) Importer(815301076,1909f56bfc062723c751e8b465ee728b)  -> (artifact id: 'aa8d9d009bdb829c31719f7b5b6d32f0') in 0.010897 seconds 
========================================================================
Received Import Request.
  Time since last request: 0.000186 seconds.
  path: Assets/Graphics/platformer-extendedtiles-0/PNG Castle/slice31_31.png
  artifactKey: Guid(f7dbbe973136606409b2cd061cc91a52) Importer(815301076,1909f56bfc062723c751e8b465ee728b)
Start importing Assets/Graphics/platformer-extendedtiles-0/PNG Castle/slice31_31.png using Guid(f7dbbe973136606409b2cd061cc91a52) Importer(815301076,1909f56bfc062723c751e8b465ee728b)  -> (artifact id: '32fc8db1fe25201a28eddd8520df14aa') in 0.009524 seconds 
========================================================================
Received Import Request.
  Time since last request: 0.000256 seconds.
  path: Assets/Graphics/platformer-extendedtiles-0/PNG Castle/slice05_05.png
  artifactKey: Guid(57185192b0dc1cd4abba6c2bab1a268d) Importer(815301076,1909f56bfc062723c751e8b465ee728b)
Start importing Assets/Graphics/platformer-extendedtiles-0/PNG Castle/slice05_05.png using Guid(57185192b0dc1cd4abba6c2bab1a268d) Importer(815301076,1909f56bfc062723c751e8b465ee728b)  -> (artifact id: '728c93dcfa82caf0a4e7fa709e02f63d') in 0.009559 seconds 
========================================================================
Received Import Request.
  Time since last request: 0.000193 seconds.
  path: Assets/Graphics/platformer-extendedtiles-0/PNG Castle/slice17_17.png
  artifactKey: Guid(4f785b05980b36044b0a375d8a00cbf8) Importer(815301076,1909f56bfc062723c751e8b465ee728b)
Start importing Assets/Graphics/platformer-extendedtiles-0/PNG Castle/slice17_17.png using Guid(4f785b05980b36044b0a375d8a00cbf8) Importer(815301076,1909f56bfc062723c751e8b465ee728b)  -> (artifact id: 'e809372109dd3eed617b5dacb82634f4') in 0.009424 seconds 
========================================================================
Received Import Request.
  Time since last request: 0.000281 seconds.
  path: Assets/Graphics/platformer-extendedtiles-0/PNG Castle/slice06_06.png
  artifactKey: Guid(722b274a228fca94d9ac7bb07c727f89) Importer(815301076,1909f56bfc062723c751e8b465ee728b)
Start importing Assets/Graphics/platformer-extendedtiles-0/PNG Castle/slice06_06.png using Guid(722b274a228fca94d9ac7bb07c727f89) Importer(815301076,1909f56bfc062723c751e8b465ee728b)  -> (artifact id: '90a669c10c5c7a0add19de98b5e78176') in 0.010296 seconds 
========================================================================
Received Import Request.
  Time since last request: 0.000191 seconds.
  path: Assets/Graphics/platformer-extendedtiles-0/PNG Castle/slice35_35.png
  artifactKey: Guid(c4c6130cd38229d4ea4b215e03ed3536) Importer(815301076,1909f56bfc062723c751e8b465ee728b)
Start importing Assets/Graphics/platformer-extendedtiles-0/PNG Castle/slice35_35.png using Guid(c4c6130cd38229d4ea4b215e03ed3536) Importer(815301076,1909f56bfc062723c751e8b465ee728b)  -> (artifact id: 'c8ad0a1b4081b89cd488be18dbe626f6') in 0.009839 seconds 
========================================================================
Received Import Request.
  Time since last request: 0.000195 seconds.
  path: Assets/Graphics/platformer-extendedtiles-0/PNG Castle/slice27_27.png
  artifactKey: Guid(e390b3a81ef74c94eb9c036a5d66b9a7) Importer(815301076,1909f56bfc062723c751e8b465ee728b)
Start importing Assets/Graphics/platformer-extendedtiles-0/PNG Castle/slice27_27.png using Guid(e390b3a81ef74c94eb9c036a5d66b9a7) Importer(815301076,1909f56bfc062723c751e8b465ee728b)  -> (artifact id: 'c025a46ddf79794ae00fcee20c61c9b5') in 0.010844 seconds 
========================================================================
Received Import Request.
  Time since last request: 0.000166 seconds.
  path: Assets/Graphics/platformer-extendedtiles-0/PNG Castle/slice03_03.png
  artifactKey: Guid(47504116b96ad014694ed073f91f9a07) Importer(815301076,1909f56bfc062723c751e8b465ee728b)
Start importing Assets/Graphics/platformer-extendedtiles-0/PNG Castle/slice03_03.png using Guid(47504116b96ad014694ed073f91f9a07) Importer(815301076,1909f56bfc062723c751e8b465ee728b)  -> (artifact id: '457d5afa735d1cfe012178a0a7c8aa08') in 0.010123 seconds 
========================================================================
Received Import Request.
  Time since last request: 0.000233 seconds.
  path: Assets/Graphics/platformer-extendedtiles-0/PNG Castle/slice30_30.png
  artifactKey: Guid(9e999dffc890f32479589210fa794f97) Importer(815301076,1909f56bfc062723c751e8b465ee728b)
Start importing Assets/Graphics/platformer-extendedtiles-0/PNG Castle/slice30_30.png using Guid(9e999dffc890f32479589210fa794f97) Importer(815301076,1909f56bfc062723c751e8b465ee728b)  -> (artifact id: 'd3999f321b323d67f86bd7ac8859c1e7') in 0.010849 seconds 
========================================================================
Received Import Request.
  Time since last request: 0.000167 seconds.
  path: Assets/Graphics/platformer-extendedtiles-0/PNG Castle/slice33_33.png
  artifactKey: Guid(8a4286e05f2d93446bea72024be6a8f9) Importer(815301076,1909f56bfc062723c751e8b465ee728b)
Start importing Assets/Graphics/platformer-extendedtiles-0/PNG Castle/slice33_33.png using Guid(8a4286e05f2d93446bea72024be6a8f9) Importer(815301076,1909f56bfc062723c751e8b465ee728b)  -> (artifact id: '21127ae9c539ab2f2a918b6d320d3ee9') in 0.009635 seconds 
========================================================================
Received Import Request.
  Time since last request: 0.000200 seconds.
  path: Assets/Graphics/platformer-extendedtiles-0/PNG Castle/castleHalfLeft.png
  artifactKey: Guid(9e593e3d759d7fe47bad927f0e0f5496) Importer(815301076,1909f56bfc062723c751e8b465ee728b)
Start importing Assets/Graphics/platformer-extendedtiles-0/PNG Castle/castleHalfLeft.png using Guid(9e593e3d759d7fe47bad927f0e0f5496) Importer(815301076,1909f56bfc062723c751e8b465ee728b)  -> (artifact id: '463471626e779d43651f214fbd045672') in 0.010764 seconds 
========================================================================
Received Import Request.
  Time since last request: 0.000210 seconds.
  path: Assets/Graphics/platformer-extendedtiles-0/PNG Castle/slice21_21.png
  artifactKey: Guid(10719efd53ed605408ae69c7988331bd) Importer(815301076,1909f56bfc062723c751e8b465ee728b)
Start importing Assets/Graphics/platformer-extendedtiles-0/PNG Castle/slice21_21.png using Guid(10719efd53ed605408ae69c7988331bd) Importer(815301076,1909f56bfc062723c751e8b465ee728b)  -> (artifact id: 'ba2e37a5b747cfef24844b6840062040') in 0.011378 seconds 
========================================================================
Received Import Request.
  Time since last request: 0.000324 seconds.
  path: Assets/Graphics/platformer-extendedtiles-0/PNG Castle/slice04_04.png
  artifactKey: Guid(a333ab392cddfc54085942749d044528) Importer(815301076,1909f56bfc062723c751e8b465ee728b)
Start importing Assets/Graphics/platformer-extendedtiles-0/PNG Castle/slice04_04.png using Guid(a333ab392cddfc54085942749d044528) Importer(815301076,1909f56bfc062723c751e8b465ee728b)  -> (artifact id: '5b94f7ca8ce37ece6ed03ab129128d3c') in 0.010483 seconds 
========================================================================
Received Import Request.
  Time since last request: 0.000193 seconds.
  path: Assets/Graphics/platformer-extendedtiles-0/PNG Castle/slice13_13.png
  artifactKey: Guid(79e8218313478b64899146863262532b) Importer(815301076,1909f56bfc062723c751e8b465ee728b)
Start importing Assets/Graphics/platformer-extendedtiles-0/PNG Castle/slice13_13.png using Guid(79e8218313478b64899146863262532b) Importer(815301076,1909f56bfc062723c751e8b465ee728b)  -> (artifact id: '275a348d9aea2d376458f40449584428') in 0.009506 seconds 
========================================================================
Received Import Request.
  Time since last request: 0.000200 seconds.
  path: Assets/Graphics/platformer-extendedtiles-0/PNG Castle/slice25_25.png
  artifactKey: Guid(c905a4f420ee34648a8683e22602dc6d) Importer(815301076,1909f56bfc062723c751e8b465ee728b)
Start importing Assets/Graphics/platformer-extendedtiles-0/PNG Castle/slice25_25.png using Guid(c905a4f420ee34648a8683e22602dc6d) Importer(815301076,1909f56bfc062723c751e8b465ee728b)  -> (artifact id: '162bb69c823eb95fab7c27ae81bdd5bb') in 0.012591 seconds 
========================================================================
Received Import Request.
  Time since last request: 0.000151 seconds.
  path: Assets/Graphics/platformer-extendedtiles-0/PNG Castle/slice12_12.png
  artifactKey: Guid(8bf5664393e86dd41a8b02e7f1655d1d) Importer(815301076,1909f56bfc062723c751e8b465ee728b)
Start importing Assets/Graphics/platformer-extendedtiles-0/PNG Castle/slice12_12.png using Guid(8bf5664393e86dd41a8b02e7f1655d1d) Importer(815301076,1909f56bfc062723c751e8b465ee728b)  -> (artifact id: 'f3b689c7499bcfe6e01592c0153f9295') in 0.010145 seconds 
========================================================================
Received Import Request.
  Time since last request: 0.000168 seconds.
  path: Assets/Graphics/platformer-extendedtiles-0/PNG Castle/castleHalfMid.png
  artifactKey: Guid(98665d99dd104c94aa8c2ecd7ded1911) Importer(815301076,1909f56bfc062723c751e8b465ee728b)
Start importing Assets/Graphics/platformer-extendedtiles-0/PNG Castle/castleHalfMid.png using Guid(98665d99dd104c94aa8c2ecd7ded1911) Importer(815301076,1909f56bfc062723c751e8b465ee728b)  -> (artifact id: 'feb078b5615c37bc7ef4fd356cbcc132') in 0.009898 seconds 
========================================================================
Received Import Request.
  Time since last request: 0.000254 seconds.
  path: Assets/Graphics/platformer-extendedtiles-0/PNG Castle/slice19_19.png
  artifactKey: Guid(181971a54da1f32479df707a43be046c) Importer(815301076,1909f56bfc062723c751e8b465ee728b)
Start importing Assets/Graphics/platformer-extendedtiles-0/PNG Castle/slice19_19.png using Guid(181971a54da1f32479df707a43be046c) Importer(815301076,1909f56bfc062723c751e8b465ee728b)  -> (artifact id: '631edecde1e7063a43a26fef129246a4') in 0.009890 seconds 
========================================================================
Received Import Request.
  Time since last request: 0.000209 seconds.
  path: Assets/Graphics/platformer-extendedtiles-0/PNG Castle/castleHalfRight.png
  artifactKey: Guid(33b194111e93d1d4089a1aec3add30a2) Importer(815301076,1909f56bfc062723c751e8b465ee728b)
Start importing Assets/Graphics/platformer-extendedtiles-0/PNG Castle/castleHalfRight.png using Guid(33b194111e93d1d4089a1aec3add30a2) Importer(815301076,1909f56bfc062723c751e8b465ee728b)  -> (artifact id: '2fb38dbf347d9a026b514a003591b2ed') in 0.013508 seconds 
========================================================================
Received Import Request.
  Time since last request: 0.000319 seconds.
  path: Assets/Graphics/platformer-extendedtiles-0/PNG Castle/slice28_28.png
  artifactKey: Guid(4a87d9bf219cdd94c89cb2f27327ff59) Importer(815301076,1909f56bfc062723c751e8b465ee728b)
Start importing Assets/Graphics/platformer-extendedtiles-0/PNG Castle/slice28_28.png using Guid(4a87d9bf219cdd94c89cb2f27327ff59) Importer(815301076,1909f56bfc062723c751e8b465ee728b)  -> (artifact id: '6a43c912e69fff4f95ea98e275c63e78') in 0.010730 seconds 
========================================================================
Received Import Request.
  Time since last request: 0.000174 seconds.
  path: Assets/Graphics/platformer-extendedtiles-0/PNG Castle/slice02_02.png
  artifactKey: Guid(99ad76527978c774a88646f182c134c4) Importer(815301076,1909f56bfc062723c751e8b465ee728b)
Start importing Assets/Graphics/platformer-extendedtiles-0/PNG Castle/slice02_02.png using Guid(99ad76527978c774a88646f182c134c4) Importer(815301076,1909f56bfc062723c751e8b465ee728b)  -> (artifact id: 'a10a7b3ec9ec6aba6782bc20a7ada934') in 0.010492 seconds 
========================================================================
Received Import Request.
  Time since last request: 0.000242 seconds.
  path: Assets/Graphics/platformer-extendedtiles-0/PNG Castle/slice14_14.png
  artifactKey: Guid(537ee0617d53836489649a5e50224ea0) Importer(815301076,1909f56bfc062723c751e8b465ee728b)
Start importing Assets/Graphics/platformer-extendedtiles-0/PNG Castle/slice14_14.png using Guid(537ee0617d53836489649a5e50224ea0) Importer(815301076,1909f56bfc062723c751e8b465ee728b)  -> (artifact id: '159874ef1919b259aed96ac571497624') in 0.009475 seconds 
========================================================================
Received Import Request.
  Time since last request: 0.000161 seconds.
  path: Assets/Graphics/platformer-extendedtiles-0/PNG Castle/slice29_29.png
  artifactKey: Guid(12d98c0483493734d89641842c15eef0) Importer(815301076,1909f56bfc062723c751e8b465ee728b)
Start importing Assets/Graphics/platformer-extendedtiles-0/PNG Castle/slice29_29.png using Guid(12d98c0483493734d89641842c15eef0) Importer(815301076,1909f56bfc062723c751e8b465ee728b)  -> (artifact id: '806a293ffbed8bcab49b164b42aaeca9') in 0.008870 seconds 
========================================================================
Received Import Request.
  Time since last request: 0.000369 seconds.
  path: Assets/Graphics/platformer-extendedtiles-0/PNG Castle/slice26_26.png
  artifactKey: Guid(e2f0d64bdcb48984d9bdccaa32a471f6) Importer(815301076,1909f56bfc062723c751e8b465ee728b)
Start importing Assets/Graphics/platformer-extendedtiles-0/PNG Castle/slice26_26.png using Guid(e2f0d64bdcb48984d9bdccaa32a471f6) Importer(815301076,1909f56bfc062723c751e8b465ee728b)  -> (artifact id: '5e6bdd5bf44468c52492d4b0b7e40794') in 0.008916 seconds 
========================================================================
Received Import Request.
  Time since last request: 0.000204 seconds.
  path: Assets/Graphics/platformer-extendedtiles-0/PNG Castle/slice22_22.png
  artifactKey: Guid(39c9c374ca739f4419a356b2904d14bd) Importer(815301076,1909f56bfc062723c751e8b465ee728b)
Start importing Assets/Graphics/platformer-extendedtiles-0/PNG Castle/slice22_22.png using Guid(39c9c374ca739f4419a356b2904d14bd) Importer(815301076,1909f56bfc062723c751e8b465ee728b)  -> (artifact id: 'bfa17aa998b1a5e1ce4c2177479635e7') in 0.008735 seconds 
========================================================================
Received Import Request.
  Time since last request: 0.000157 seconds.
  path: Assets/Graphics/platformer-extendedtiles-0/PNG Castle/slice32_32.png
  artifactKey: Guid(ed0a02cb439e1f34094444e286cfcff7) Importer(815301076,1909f56bfc062723c751e8b465ee728b)
Start importing Assets/Graphics/platformer-extendedtiles-0/PNG Castle/slice32_32.png using Guid(ed0a02cb439e1f34094444e286cfcff7) Importer(815301076,1909f56bfc062723c751e8b465ee728b)  -> (artifact id: 'fe58cea0c33252b6a504e343a55590cd') in 0.010186 seconds 
========================================================================
Received Import Request.
  Time since last request: 0.000231 seconds.
  path: Assets/Graphics/platformer-extendedtiles-0/PNG Castle/slice18_18.png
  artifactKey: Guid(7d27419cc344a3149aed362ef2a36df5) Importer(815301076,1909f56bfc062723c751e8b465ee728b)
Start importing Assets/Graphics/platformer-extendedtiles-0/PNG Castle/slice18_18.png using Guid(7d27419cc344a3149aed362ef2a36df5) Importer(815301076,1909f56bfc062723c751e8b465ee728b)  -> (artifact id: 'd8ed8d8e47984b8c8f472dc6a3fbdb83') in 0.009139 seconds 
========================================================================
Received Import Request.
  Time since last request: 0.000212 seconds.
  path: Assets/Graphics/platformer-extendedtiles-0/PNG Castle/slice24_24.png
  artifactKey: Guid(f5e2cbd08a82eb445bc1593f876c7e94) Importer(815301076,1909f56bfc062723c751e8b465ee728b)
Start importing Assets/Graphics/platformer-extendedtiles-0/PNG Castle/slice24_24.png using Guid(f5e2cbd08a82eb445bc1593f876c7e94) Importer(815301076,1909f56bfc062723c751e8b465ee728b)  -> (artifact id: '3aad495e43802dbc7f02d680bda602f6') in 0.009915 seconds 
========================================================================
Received Import Request.
  Time since last request: 0.000224 seconds.
  path: Assets/Graphics/platformer-extendedtiles-0/PNG Castle/slice34_34.png
  artifactKey: Guid(a60be05ae5e4ffb44ad53cec9416766f) Importer(815301076,1909f56bfc062723c751e8b465ee728b)
Start importing Assets/Graphics/platformer-extendedtiles-0/PNG Castle/slice34_34.png using Guid(a60be05ae5e4ffb44ad53cec9416766f) Importer(815301076,1909f56bfc062723c751e8b465ee728b)  -> (artifact id: '9b674a7e11b4f778551880cebe6bc015') in 0.010991 seconds 
========================================================================
Received Import Request.
  Time since last request: 0.000214 seconds.
  path: Assets/Graphics/platformer-extendedtiles-0/PNG Castle/slice01_01.png
  artifactKey: Guid(52d07747e0d124141b30699c86ad4457) Importer(815301076,1909f56bfc062723c751e8b465ee728b)
Start importing Assets/Graphics/platformer-extendedtiles-0/PNG Castle/slice01_01.png using Guid(52d07747e0d124141b30699c86ad4457) Importer(815301076,1909f56bfc062723c751e8b465ee728b)  -> (artifact id: 'c315430a053233d5c18c9d0094a51eba') in 0.009576 seconds 
========================================================================
Received Import Request.
  Time since last request: 0.000253 seconds.
  path: Assets/Graphics/platformer-extendedtiles-0/PNG Castle/slice16_16.png
  artifactKey: Guid(c5319096f85bf264e8e97473a690082e) Importer(815301076,1909f56bfc062723c751e8b465ee728b)
Start importing Assets/Graphics/platformer-extendedtiles-0/PNG Castle/slice16_16.png using Guid(c5319096f85bf264e8e97473a690082e) Importer(815301076,1909f56bfc062723c751e8b465ee728b)  -> (artifact id: '202b9d94a64679bc255916848a5bb770') in 0.009394 seconds 
========================================================================
Received Import Request.
  Time since last request: 0.000191 seconds.
  path: Assets/Graphics/platformer-extendedtiles-0/PNG Castle/slice36_36.png
  artifactKey: Guid(3e779ee1c0de45745b73da749907f5f4) Importer(815301076,1909f56bfc062723c751e8b465ee728b)
Start importing Assets/Graphics/platformer-extendedtiles-0/PNG Castle/slice36_36.png using Guid(3e779ee1c0de45745b73da749907f5f4) Importer(815301076,1909f56bfc062723c751e8b465ee728b)  -> (artifact id: '442915d3df308e65766113a96a532f8b') in 0.011997 seconds 
========================================================================
Received Import Request.
  Time since last request: 0.000222 seconds.
  path: Assets/Graphics/platformer-extendedtiles-0/PNG Castle/slice20_20.png
  artifactKey: Guid(1b0754afc68c5ab4689f27640ec2aa33) Importer(815301076,1909f56bfc062723c751e8b465ee728b)
Start importing Assets/Graphics/platformer-extendedtiles-0/PNG Castle/slice20_20.png using Guid(1b0754afc68c5ab4689f27640ec2aa33) Importer(815301076,1909f56bfc062723c751e8b465ee728b)  -> (artifact id: 'eff55a594009eee1d20211c0cd9fd252') in 0.010016 seconds 
========================================================================
Received Import Request.
  Time since last request: 0.000205 seconds.
  path: Assets/Graphics/platformer-extendedtiles-0/PNG Castle/slice07_07.png
  artifactKey: Guid(35511f1ff2cc1e844af4088bbca174ca) Importer(815301076,1909f56bfc062723c751e8b465ee728b)
Start importing Assets/Graphics/platformer-extendedtiles-0/PNG Castle/slice07_07.png using Guid(35511f1ff2cc1e844af4088bbca174ca) Importer(815301076,1909f56bfc062723c751e8b465ee728b)  -> (artifact id: 'e8f7c13ba93834339ee0b7454ca33eed') in 0.009254 seconds 
========================================================================
Received Import Request.
  Time since last request: 0.000196 seconds.
  path: Assets/Graphics/platformer-extendedtiles-0/PNG Castle/slice23_23.png
  artifactKey: Guid(b58755479cc7b27478adf4c53818105d) Importer(815301076,1909f56bfc062723c751e8b465ee728b)
Start importing Assets/Graphics/platformer-extendedtiles-0/PNG Castle/slice23_23.png using Guid(b58755479cc7b27478adf4c53818105d) Importer(815301076,1909f56bfc062723c751e8b465ee728b)  -> (artifact id: '61f1a8dec7c5e44d73539f6fa9b51666') in 0.010821 seconds 
========================================================================
Received Import Request.
  Time since last request: 11.071429 seconds.
  path: Assets/Graphics/PNGExports/PNGExports
  artifactKey: Guid(8294328b189124142b9c961be4f1c1d2) Importer(815301076,1909f56bfc062723c751e8b465ee728b)
Start importing Assets/Graphics/PNGExports/PNGExports using Guid(8294328b189124142b9c961be4f1c1d2) Importer(815301076,1909f56bfc062723c751e8b465ee728b)  -> (artifact id: '745e6b76fc608bcf0f268e49a485993a') in 0.007309 seconds 
========================================================================
Received Import Request.
  Time since last request: 60.260823 seconds.
  path: Assets/Scenes/Graphics/background/Temp.png
  artifactKey: Guid(0decab8a51058d8428031f223b078ac9) Importer(815301076,1909f56bfc062723c751e8b465ee728b)
Start importing Assets/Scenes/Graphics/background/Temp.png using Guid(0decab8a51058d8428031f223b078ac9) Importer(815301076,1909f56bfc062723c751e8b465ee728b)  -> (artifact id: '3e3d873f6ba1c65490938ca130177d1f') in 0.025619 seconds 
========================================================================
Received Import Request.
  Time since last request: 34.110967 seconds.
  path: Assets/Scenes/Graphics/background/Temp.png
  artifactKey: Guid(0decab8a51058d8428031f223b078ac9) Importer(815301076,1909f56bfc062723c751e8b465ee728b)
Start importing Assets/Scenes/Graphics/background/Temp.png using Guid(0decab8a51058d8428031f223b078ac9) Importer(815301076,1909f56bfc062723c751e8b465ee728b)  -> (artifact id: 'ec49e3520dd916cc65473f0e1fb26a35') in 0.020855 seconds 
========================================================================
Received Import Request.
  Time since last request: 107.950151 seconds.
  path: Assets/Graphics/Final Taiga Forest
  artifactKey: Guid(d9721e15523226e4ea9469be0464f1b7) Importer(815301076,1909f56bfc062723c751e8b465ee728b)
Start importing Assets/Graphics/Final Taiga Forest using Guid(d9721e15523226e4ea9469be0464f1b7) Importer(815301076,1909f56bfc062723c751e8b465ee728b)  -> (artifact id: 'd561bcd13c318179bfab21615a0846cd') in 0.003265 seconds 
========================================================================
Received Import Request.
  Time since last request: 1.448469 seconds.
  path: Assets/Graphics/PNGExports
  artifactKey: Guid(dddb4ea8a9d4ea64095c3e40824d06e9) Importer(815301076,1909f56bfc062723c751e8b465ee728b)
Start importing Assets/Graphics/PNGExports using Guid(dddb4ea8a9d4ea64095c3e40824d06e9) Importer(815301076,1909f56bfc062723c751e8b465ee728b)  -> (artifact id: '77f063608d62369179e6ce5f0e06013d') in 0.002952 seconds 
========================================================================
Received Prepare
Registering precompiled user dll's ...
Registered in 0.004892 seconds.
Begin MonoManager ReloadAssembly
Symbol file LoadedFromMemory doesn't match image C:\Users\jmercer4\Unity Projects\kingdom-unity\Library\PackageCache\com.unity.visualscripting@1.6.1\Editor\VisualScripting.Core\Dependencies\YamlDotNet\Unity.VisualScripting.YamlDotNet.dll
Symbol file LoadedFromMemory doesn't match image C:\Users\jmercer4\Unity Projects\kingdom-unity\Library\PackageCache\com.unity.visualscripting@1.6.1\Editor\VisualScripting.Core\Dependencies\DotNetZip\Unity.VisualScripting.IonicZip.dll
Native extension for WindowsStandalone target not found
Native extension for WebGL target not found
Refreshing native plugins compatible for Editor in 0.70 ms, found 4 plugins.
Preloading 0 native plugins for Editor in 0.00 ms.
Unable to allocate new scene culling mask
UnityEngine.StackTraceUtility:ExtractStackTrace ()
UnityEditor.SceneManagement.EditorSceneManager:NewPreviewScene (bool)
UnityEditor.SceneManagement.EditorSceneManager:NewPreviewScene ()
UnityEditor.PreviewScene:.ctor (string)
UnityEditor.PreviewRenderUtility:.ctor ()
UnityEditor.Texture3DPreview:InitPreviewUtility ()
UnityEditor.Texture3DPreview:OnEnable ()

[C:\buildslave\unity\build\Editor/Src/SceneManager/EditorSceneManager.cpp line 672]

Unable to allocate new scene culling mask
UnityEngine.StackTraceUtility:ExtractStackTrace ()
UnityEditor.SceneManagement.EditorSceneManager:NewPreviewScene (bool)
UnityEditor.SceneManagement.EditorSceneManager:NewPreviewScene ()
UnityEditor.PreviewScene:.ctor (string)
UnityEditor.PreviewRenderUtility:.ctor ()
UnityEditor.Texture3DPreview:InitPreviewUtility ()
UnityEditor.Texture3DPreview:OnEnable ()

[C:\buildslave\unity\build\Editor/Src/SceneManager/EditorSceneManager.cpp line 672]

Unable to allocate new scene culling mask
UnityEngine.StackTraceUtility:ExtractStackTrace ()
UnityEditor.SceneManagement.EditorSceneManager:NewPreviewScene (bool)
UnityEditor.SceneManagement.EditorSceneManager:NewPreviewScene ()
UnityEditor.PreviewScene:.ctor (string)
UnityEditor.PreviewRenderUtility:.ctor ()
UnityEditor.Texture3DPreview:InitPreviewUtility ()
UnityEditor.Texture3DPreview:OnEnable ()

[C:\buildslave\unity\build\Editor/Src/SceneManager/EditorSceneManager.cpp line 672]

Unable to allocate new scene culling mask
UnityEngine.StackTraceUtility:ExtractStackTrace ()
UnityEditor.SceneManagement.EditorSceneManager:NewPreviewScene (bool)
UnityEditor.SceneManagement.EditorSceneManager:NewPreviewScene ()
UnityEditor.PreviewScene:.ctor (string)
UnityEditor.PreviewRenderUtility:.ctor ()
UnityEditor.Texture3DPreview:InitPreviewUtility ()
UnityEditor.Texture3DPreview:OnEnable ()

[C:\buildslave\unity\build\Editor/Src/SceneManager/EditorSceneManager.cpp line 672]

Unable to allocate new scene culling mask
UnityEngine.StackTraceUtility:ExtractStackTrace ()
UnityEditor.SceneManagement.EditorSceneManager:NewPreviewScene (bool)
UnityEditor.SceneManagement.EditorSceneManager:NewPreviewScene ()
UnityEditor.PreviewScene:.ctor (string)
UnityEditor.PreviewRenderUtility:.ctor ()
UnityEditor.Texture3DPreview:InitPreviewUtility ()
UnityEditor.Texture3DPreview:OnEnable ()

[C:\buildslave\unity\build\Editor/Src/SceneManager/EditorSceneManager.cpp line 672]

Unable to allocate new scene culling mask
UnityEngine.StackTraceUtility:ExtractStackTrace ()
UnityEditor.SceneManagement.EditorSceneManager:NewPreviewScene (bool)
UnityEditor.SceneManagement.EditorSceneManager:NewPreviewScene ()
UnityEditor.PreviewScene:.ctor (string)
UnityEditor.PreviewRenderUtility:.ctor ()
UnityEditor.Texture3DPreview:InitPreviewUtility ()
UnityEditor.Texture3DPreview:OnEnable ()

[C:\buildslave\unity\build\Editor/Src/SceneManager/EditorSceneManager.cpp line 672]

Unable to allocate new scene culling mask
UnityEngine.StackTraceUtility:ExtractStackTrace ()
UnityEditor.SceneManagement.EditorSceneManager:NewPreviewScene (bool)
UnityEditor.SceneManagement.EditorSceneManager:NewPreviewScene ()
UnityEditor.PreviewScene:.ctor (string)
UnityEditor.PreviewRenderUtility:.ctor ()
UnityEditor.Texture3DPreview:InitPreviewUtility ()
UnityEditor.Texture3DPreview:OnEnable ()

[C:\buildslave\unity\build\Editor/Src/SceneManager/EditorSceneManager.cpp line 672]

Unable to allocate new scene culling mask
UnityEngine.StackTraceUtility:ExtractStackTrace ()
UnityEditor.SceneManagement.EditorSceneManager:NewPreviewScene (bool)
UnityEditor.SceneManagement.EditorSceneManager:NewPreviewScene ()
UnityEditor.PreviewScene:.ctor (string)
UnityEditor.PreviewRenderUtility:.ctor ()
UnityEditor.Texture3DPreview:InitPreviewUtility ()
UnityEditor.Texture3DPreview:OnEnable ()

[C:\buildslave\unity\build\Editor/Src/SceneManager/EditorSceneManager.cpp line 672]

Mono: successfully reloaded assembly
- Completed reload, in  0.910 seconds
Domain Reload Profiling:
	ReloadAssembly (911ms)
		BeginReloadAssembly (119ms)
			ExecutionOrderSort (0ms)
			DisableScriptedObjects (7ms)
			BackupInstance (0ms)
			ReleaseScriptingObjects (0ms)
			CreateAndSetChildDomain (34ms)
		EndReloadAssembly (743ms)
			LoadAssemblies (84ms)
			RebuildTransferFunctionScriptingTraits (0ms)
			SetupTypeCache (286ms)
			ReleaseScriptCaches (1ms)
			RebuildScriptCaches (35ms)
			SetupLoadedEditorAssemblies (239ms)
				LogAssemblyErrors (0ms)
				InitializePlatformSupportModulesInManaged (4ms)
				SetLoadedEditorAssemblies (0ms)
				RefreshPlugins (1ms)
				BeforeProcessingInitializeOnLoad (51ms)
				ProcessInitializeOnLoadAttributes (171ms)
				ProcessInitializeOnLoadMethodAttributes (6ms)
				AfterProcessingInitializeOnLoad (5ms)
				EditorAssembliesLoaded (0ms)
			ExecutionOrderSort2 (0ms)
			AwakeInstancesAfterBackupRestoration (21ms)
Platform modules already initialized, skipping
Refreshing native plugins compatible for Editor in 0.90 ms, found 4 plugins.
Preloading 0 native plugins for Editor in 0.00 ms.
Unloading 3738 Unused Serialized files (Serialized files now loaded: 0)
System memory in use before: 174.1 MB.
System memory in use after: 174.3 MB.

Unloading 18 unused Assets to reduce memory usage. Loaded Objects now: 5239.
Total: 3.244500 ms (FindLiveObjects: 0.336700 ms CreateObjectMapping: 0.168700 ms MarkObjects: 2.721100 ms  DeleteObjects: 0.017000 ms)

AssetImportParameters requested are different than current active one (requested -> active):
  custom:framework-win-MediaFoundation: 216162199b28c13a410421893ffa2e32 -> 
  custom:video-decoder-ogg-theora: a1e56fd34408186e4bbccfd4996cb3dc -> 
  custom:container-muxer-webm: aa71ff27fc2769a1b78a27578f13a17b -> 
  custom:container-demuxer-webm: 4f35f7cbe854078d1ac9338744f61a02 -> 
  custom:container-demuxer-ogg: 62fdf1f143b41e24485cea50d1cbac27 -> 
  custom:video-encoder-webm-vp8: eb34c28f22e8b96e1ab97ce403110664 -> 
  custom:video-decoder-webm-vp8: 9c59270c3fd7afecdb556c50c9e8de78 -> 
  custom:audio-decoder-ogg-vorbis: bf7c407c2cedff20999df2af8eb42d56 -> 
  custom:audio-encoder-webm-vorbis: bf7c407c2cedff20999df2af8eb42d56 -> 
========================================================================
Received Import Request.
  Time since last request: 22.805743 seconds.
  path: Assets/Graphics/platformer-extendedtiles-0/PNG Castle/slice01_01.png
  artifactKey: Guid(52d07747e0d124141b30699c86ad4457) Importer(815301076,1909f56bfc062723c751e8b465ee728b)
Start importing Assets/Graphics/platformer-extendedtiles-0/PNG Castle/slice01_01.png using Guid(52d07747e0d124141b30699c86ad4457) Importer(815301076,1909f56bfc062723c751e8b465ee728b) Unable to allocate new scene culling mask
UnityEngine.StackTraceUtility:ExtractStackTrace ()
UnityEditor.SceneManagement.EditorSceneManager:NewPreviewScene (bool)
UnityEditor.SceneManagement.EditorSceneManager:NewPreviewScene ()
UnityEditor.PreviewScene:.ctor (string)
UnityEditor.PreviewRenderUtility:.ctor ()
UnityEditor.Texture3DPreview:InitPreviewUtility ()
UnityEditor.Texture3DPreview:OnEnable ()
UnityEngine.ScriptableObject:CreateInstance (System.Type)
UnityEngine.ScriptableObject:CreateInstance<UnityEditor.Texture3DPreview> ()
UnityEditor.TextureInspector:OnEnable ()
UnityEditor.Editor:CreateEditorWithContext (UnityEngine.Object[],UnityEngine.Object,System.Type)
UnityEditor.Editor:CreateEditor (UnityEngine.Object,System.Type)
UnityEditor.Editor:CreateEditor (UnityEngine.Object)
UnityEditor.AssetPreviewUpdater:CreatePreview (UnityEngine.Object,UnityEngine.Object[],string,int,int)
UnityEditor.AssetPreviewUpdater:CreatePreviewForAsset (UnityEngine.Object,UnityEngine.Object[],string)

[C:\buildslave\unity\build\Editor/Src/SceneManager/EditorSceneManager.cpp line 672]

 -> (artifact id: '2356aa562db04ed797073731950c361e') in 0.045241 seconds 
========================================================================
Received Prepare
Registering precompiled user dll's ...
Registered in 0.004599 seconds.
Begin MonoManager ReloadAssembly
Symbol file LoadedFromMemory doesn't match image C:\Users\jmercer4\Unity Projects\kingdom-unity\Library\PackageCache\com.unity.visualscripting@1.6.1\Editor\VisualScripting.Core\Dependencies\YamlDotNet\Unity.VisualScripting.YamlDotNet.dll
Symbol file LoadedFromMemory doesn't match image C:\Users\jmercer4\Unity Projects\kingdom-unity\Library\PackageCache\com.unity.visualscripting@1.6.1\Editor\VisualScripting.Core\Dependencies\DotNetZip\Unity.VisualScripting.IonicZip.dll
Native extension for WindowsStandalone target not found
Native extension for WebGL target not found
Refreshing native plugins compatible for Editor in 0.68 ms, found 4 plugins.
Preloading 0 native plugins for Editor in 0.00 ms.
Unable to allocate new scene culling mask
UnityEngine.StackTraceUtility:ExtractStackTrace ()
UnityEditor.SceneManagement.EditorSceneManager:NewPreviewScene (bool)
UnityEditor.SceneManagement.EditorSceneManager:NewPreviewScene ()
UnityEditor.PreviewScene:.ctor (string)
UnityEditor.PreviewRenderUtility:.ctor ()
UnityEditor.Texture3DPreview:InitPreviewUtility ()
UnityEditor.Texture3DPreview:OnEnable ()

[C:\buildslave\unity\build\Editor/Src/SceneManager/EditorSceneManager.cpp line 672]

Unable to allocate new scene culling mask
UnityEngine.StackTraceUtility:ExtractStackTrace ()
UnityEditor.SceneManagement.EditorSceneManager:NewPreviewScene (bool)
UnityEditor.SceneManagement.EditorSceneManager:NewPreviewScene ()
UnityEditor.PreviewScene:.ctor (string)
UnityEditor.PreviewRenderUtility:.ctor ()
UnityEditor.Texture3DPreview:InitPreviewUtility ()
UnityEditor.Texture3DPreview:OnEnable ()

[C:\buildslave\unity\build\Editor/Src/SceneManager/EditorSceneManager.cpp line 672]

Unable to allocate new scene culling mask
UnityEngine.StackTraceUtility:ExtractStackTrace ()
UnityEditor.SceneManagement.EditorSceneManager:NewPreviewScene (bool)
UnityEditor.SceneManagement.EditorSceneManager:NewPreviewScene ()
UnityEditor.PreviewScene:.ctor (string)
UnityEditor.PreviewRenderUtility:.ctor ()
UnityEditor.Texture3DPreview:InitPreviewUtility ()
UnityEditor.Texture3DPreview:OnEnable ()

[C:\buildslave\unity\build\Editor/Src/SceneManager/EditorSceneManager.cpp line 672]

Unable to allocate new scene culling mask
UnityEngine.StackTraceUtility:ExtractStackTrace ()
UnityEditor.SceneManagement.EditorSceneManager:NewPreviewScene (bool)
UnityEditor.SceneManagement.EditorSceneManager:NewPreviewScene ()
UnityEditor.PreviewScene:.ctor (string)
UnityEditor.PreviewRenderUtility:.ctor ()
UnityEditor.Texture3DPreview:InitPreviewUtility ()
UnityEditor.Texture3DPreview:OnEnable ()

[C:\buildslave\unity\build\Editor/Src/SceneManager/EditorSceneManager.cpp line 672]

Unable to allocate new scene culling mask
UnityEngine.StackTraceUtility:ExtractStackTrace ()
UnityEditor.SceneManagement.EditorSceneManager:NewPreviewScene (bool)
UnityEditor.SceneManagement.EditorSceneManager:NewPreviewScene ()
UnityEditor.PreviewScene:.ctor (string)
UnityEditor.PreviewRenderUtility:.ctor ()
UnityEditor.Texture3DPreview:InitPreviewUtility ()
UnityEditor.Texture3DPreview:OnEnable ()

[C:\buildslave\unity\build\Editor/Src/SceneManager/EditorSceneManager.cpp line 672]

Unable to allocate new scene culling mask
UnityEngine.StackTraceUtility:ExtractStackTrace ()
UnityEditor.SceneManagement.EditorSceneManager:NewPreviewScene (bool)
UnityEditor.SceneManagement.EditorSceneManager:NewPreviewScene ()
UnityEditor.PreviewScene:.ctor (string)
UnityEditor.PreviewRenderUtility:.ctor ()
UnityEditor.Texture3DPreview:InitPreviewUtility ()
UnityEditor.Texture3DPreview:OnEnable ()

[C:\buildslave\unity\build\Editor/Src/SceneManager/EditorSceneManager.cpp line 672]

Unable to allocate new scene culling mask
UnityEngine.StackTraceUtility:ExtractStackTrace ()
UnityEditor.SceneManagement.EditorSceneManager:NewPreviewScene (bool)
UnityEditor.SceneManagement.EditorSceneManager:NewPreviewScene ()
UnityEditor.PreviewScene:.ctor (string)
UnityEditor.PreviewRenderUtility:.ctor ()
UnityEditor.Texture3DPreview:InitPreviewUtility ()
UnityEditor.Texture3DPreview:OnEnable ()

[C:\buildslave\unity\build\Editor/Src/SceneManager/EditorSceneManager.cpp line 672]

Unable to allocate new scene culling mask
UnityEngine.StackTraceUtility:ExtractStackTrace ()
UnityEditor.SceneManagement.EditorSceneManager:NewPreviewScene (bool)
UnityEditor.SceneManagement.EditorSceneManager:NewPreviewScene ()
UnityEditor.PreviewScene:.ctor (string)
UnityEditor.PreviewRenderUtility:.ctor ()
UnityEditor.Texture3DPreview:InitPreviewUtility ()
UnityEditor.Texture3DPreview:OnEnable ()

[C:\buildslave\unity\build\Editor/Src/SceneManager/EditorSceneManager.cpp line 672]

Unable to allocate new scene culling mask
UnityEngine.StackTraceUtility:ExtractStackTrace ()
UnityEditor.SceneManagement.EditorSceneManager:NewPreviewScene (bool)
UnityEditor.SceneManagement.EditorSceneManager:NewPreviewScene ()
UnityEditor.PreviewScene:.ctor (string)
UnityEditor.PreviewRenderUtility:.ctor ()
UnityEditor.Texture3DPreview:InitPreviewUtility ()
UnityEditor.Texture3DPreview:OnEnable ()

[C:\buildslave\unity\build\Editor/Src/SceneManager/EditorSceneManager.cpp line 672]

Mono: successfully reloaded assembly
- Completed reload, in  0.910 seconds
Domain Reload Profiling:
	ReloadAssembly (910ms)
		BeginReloadAssembly (116ms)
			ExecutionOrderSort (0ms)
			DisableScriptedObjects (10ms)
			BackupInstance (0ms)
			ReleaseScriptingObjects (0ms)
			CreateAndSetChildDomain (34ms)
		EndReloadAssembly (747ms)
			LoadAssemblies (80ms)
			RebuildTransferFunctionScriptingTraits (0ms)
			SetupTypeCache (290ms)
			ReleaseScriptCaches (1ms)
			RebuildScriptCaches (36ms)
			SetupLoadedEditorAssemblies (246ms)
				LogAssemblyErrors (0ms)
				InitializePlatformSupportModulesInManaged (5ms)
				SetLoadedEditorAssemblies (0ms)
				RefreshPlugins (1ms)
				BeforeProcessingInitializeOnLoad (53ms)
				ProcessInitializeOnLoadAttributes (176ms)
				ProcessInitializeOnLoadMethodAttributes (6ms)
				AfterProcessingInitializeOnLoad (5ms)
				EditorAssembliesLoaded (0ms)
			ExecutionOrderSort2 (0ms)
			AwakeInstancesAfterBackupRestoration (21ms)
Platform modules already initialized, skipping
Refreshing native plugins compatible for Editor in 0.79 ms, found 4 plugins.
Preloading 0 native plugins for Editor in 0.00 ms.
Unloading 3701 Unused Serialized files (Serialized files now loaded: 0)
System memory in use before: 173.3 MB.
System memory in use after: 173.6 MB.

Unloading 18 unused Assets to reduce memory usage. Loaded Objects now: 5259.
Total: 3.398200 ms (FindLiveObjects: 0.362100 ms CreateObjectMapping: 0.199400 ms MarkObjects: 2.818900 ms  DeleteObjects: 0.017100 ms)

AssetImportParameters requested are different than current active one (requested -> active):
  custom:framework-win-MediaFoundation: 216162199b28c13a410421893ffa2e32 -> 
  custom:video-decoder-ogg-theora: a1e56fd34408186e4bbccfd4996cb3dc -> 
  custom:container-muxer-webm: aa71ff27fc2769a1b78a27578f13a17b -> 
  custom:container-demuxer-webm: 4f35f7cbe854078d1ac9338744f61a02 -> 
  custom:container-demuxer-ogg: 62fdf1f143b41e24485cea50d1cbac27 -> 
  custom:video-encoder-webm-vp8: eb34c28f22e8b96e1ab97ce403110664 -> 
  custom:video-decoder-webm-vp8: 9c59270c3fd7afecdb556c50c9e8de78 -> 
  custom:audio-decoder-ogg-vorbis: bf7c407c2cedff20999df2af8eb42d56 -> 
  custom:audio-encoder-webm-vorbis: bf7c407c2cedff20999df2af8eb42d56 -> 
AssetImportWorkerClient::OnTransportError - code=2 error=End of file
